#
# There is insufficient memory for the Java Runtime Environment to continue.
# Native memory allocation (malloc) failed to allocate 131088 bytes for Chunk::new
# Possible reasons:
#   The system is out of physical RAM or swap space
#   The process is running with CompressedOops enabled, and the Java Heap may be blocking the growth of the native heap
# Possible solutions:
#   Reduce memory load on the system
#   Increase physical memory or swap space
#   Check if swap backing store is full
#   Decrease Java heap size (-Xmx/-Xms)
#   Decrease number of Java threads
#   Decrease Java thread stack sizes (-Xss)
#   Set larger code cache with -XX:ReservedCodeCacheSize=
#   JVM is running with Unscaled Compressed Oops mode in which the Java heap is
#     placed in the first 4GB address space. The Java Heap base address is the
#     maximum limit for the native heap growth. Please use -XX:HeapBaseMinAddress
#     to set the Java Heap base and to place the Java Heap above 4GB virtual address.
# This output file may be truncated or incomplete.
#
#  Out of Memory Error (arena.cpp:184), pid=7140, tid=1100
#
# JRE version: Java(TM) SE Runtime Environment (19.0.2+7) (build 19.0.2+7-44)
# Java VM: Java HotSpot(TM) 64-Bit Server VM (19.0.2+7-44, mixed mode, sharing, tiered, compressed oops, compressed class ptrs, g1 gc, windows-amd64)
# No core dump will be written. Minidumps are not enabled by default on client versions of Windows
#

---------------  S U M M A R Y ------------

Command Line: -Dfile.encoding=UTF-8 --module-path=C:\Users\1\OneDrive\Documents\NetBeansProjects\ProyectoClientes-Escritorio-Back-end\build\classes proyectoclientes.escritorio.Main

Host: Intel(R) Core(TM) i5-4590 CPU @ 3.30GHz, 4 cores, 7G,  Windows 10 , 64 bit Build 19041 (10.0.19041.5438)
Time: Mon Mar 17 11:26:10 2025 Hora est. Pacífico, Sudamérica elapsed time: 8991.561264 seconds (0d 2h 29m 51s)

---------------  T H R E A D  ---------------

Current thread (0x000001e8d7681700):  JavaThread "C2 CompilerThread0" daemon [_thread_in_native, id=1100, stack(0x0000009dc6e00000,0x0000009dc6f00000)]


Current CompileTask:
C2:8991561 1166   !   4       jdk.internal.loader.BuiltinClassLoader::findResource (154 bytes)

Stack: [0x0000009dc6e00000,0x0000009dc6f00000]
Native frames: (J=compiled Java code, j=interpreted, Vv=VM code, C=native code)
V  [jvm.dll+0x6ee21a]
V  [jvm.dll+0x85765e]
V  [jvm.dll+0x85904e]
V  [jvm.dll+0x859703]
V  [jvm.dll+0x28298f]
V  [jvm.dll+0xc9adf]
V  [jvm.dll+0xc9e65]
V  [jvm.dll+0xc9c04]
V  [jvm.dll+0x6cc6fc]
V  [jvm.dll+0x253bd9]
V  [jvm.dll+0x713557]
V  [jvm.dll+0x24b4a3]
V  [jvm.dll+0x1d6ce1]
V  [jvm.dll+0x25b25a]
V  [jvm.dll+0x2596e8]
V  [jvm.dll+0x807588]
V  [jvm.dll+0x80125a]
V  [jvm.dll+0x6ecf0b]
C  [ucrtbase.dll+0x21bb2]
C  [KERNEL32.DLL+0x17374]
C  [ntdll.dll+0x4cc91]


---------------  P R O C E S S  ---------------

Threads class SMR info:
_java_thread_list=0x000001e8dbabec40, length=13, elements={
0x000001e8b9710d10, 0x000001e8d7679190, 0x000001e8d767bbd0, 0x000001e8d767c8c0,
0x000001e8d767d470, 0x000001e8d767dee0, 0x000001e8d767ea90, 0x000001e8d7681700,
0x000001e8d7687940, 0x000001e8d76b3ea0, 0x000001e8d764d930, 0x000001e8dbaf7c70,
0x000001e8dbb1ea10
}

Java Threads: ( => current thread )
  0x000001e8b9710d10 JavaThread "main" [_thread_in_native, id=9428, stack(0x0000009dc6100000,0x0000009dc6200000)]
  0x000001e8d7679190 JavaThread "Reference Handler" daemon [_thread_blocked, id=7992, stack(0x0000009dc6800000,0x0000009dc6900000)]
  0x000001e8d767bbd0 JavaThread "Finalizer" daemon [_thread_blocked, id=10824, stack(0x0000009dc6900000,0x0000009dc6a00000)]
  0x000001e8d767c8c0 JavaThread "Signal Dispatcher" daemon [_thread_blocked, id=9084, stack(0x0000009dc6a00000,0x0000009dc6b00000)]
  0x000001e8d767d470 JavaThread "Attach Listener" daemon [_thread_blocked, id=9024, stack(0x0000009dc6b00000,0x0000009dc6c00000)]
  0x000001e8d767dee0 JavaThread "Service Thread" daemon [_thread_blocked, id=6848, stack(0x0000009dc6c00000,0x0000009dc6d00000)]
  0x000001e8d767ea90 JavaThread "Monitor Deflation Thread" daemon [_thread_blocked, id=6396, stack(0x0000009dc6d00000,0x0000009dc6e00000)]
=>0x000001e8d7681700 JavaThread "C2 CompilerThread0" daemon [_thread_in_native, id=1100, stack(0x0000009dc6e00000,0x0000009dc6f00000)]
  0x000001e8d7687940 JavaThread "C1 CompilerThread0" daemon [_thread_blocked, id=13732, stack(0x0000009dc6f00000,0x0000009dc7000000)]
  0x000001e8d76b3ea0 JavaThread "Sweeper thread" daemon [_thread_blocked, id=15320, stack(0x0000009dc7000000,0x0000009dc7100000)]
  0x000001e8d764d930 JavaThread "Common-Cleaner" daemon [_thread_blocked, id=12056, stack(0x0000009dc7100000,0x0000009dc7200000)]
  0x000001e8dbaf7c70 JavaThread "Notification Thread" daemon [_thread_blocked, id=14820, stack(0x0000009dc7200000,0x0000009dc7300000)]
  0x000001e8dbb1ea10 JavaThread "mysql-cj-abandoned-connection-cleanup" daemon [_thread_blocked, id=460, stack(0x0000009dc6000000,0x0000009dc6100000)]

Other Threads:
  0x000001e8d765bcd0 VMThread "VM Thread" [stack: 0x0000009dc6700000,0x0000009dc6800000] [id=2812]
  0x000001e8db9ec200 WatcherThread "VM Periodic Task Thread" [stack: 0x0000009dc7300000,0x0000009dc7400000] [id=5872]
  0x000001e8b976f810 WorkerThread "GC Thread#0" [stack: 0x0000009dc6200000,0x0000009dc6300000] [id=15176]
  0x000001e8dc010f50 WorkerThread "GC Thread#1" [stack: 0x0000009dc7500000,0x0000009dc7600000] [id=7336]
  0x000001e8dbf96c80 WorkerThread "GC Thread#2" [stack: 0x0000009dc7600000,0x0000009dc7700000] [id=6328]
  0x000001e8dbfc0110 WorkerThread "GC Thread#3" [stack: 0x0000009dc7700000,0x0000009dc7800000] [id=6064]
  0x000001e8b97814f0 ConcurrentGCThread "G1 Main Marker" [stack: 0x0000009dc6300000,0x0000009dc6400000] [id=7252]
  0x000001e8b9782770 WorkerThread "G1 Conc#0" [stack: 0x0000009dc6400000,0x0000009dc6500000] [id=8224]
  0x000001e8b97de330 ConcurrentGCThread "G1 Refine#0" [stack: 0x0000009dc6500000,0x0000009dc6600000] [id=7136]
  0x000001e8d75170e0 ConcurrentGCThread "G1 Service" [stack: 0x0000009dc6600000,0x0000009dc6700000] [id=13224]

Threads with active compile tasks:
C2 CompilerThread0  8991609 1166   !   4       jdk.internal.loader.BuiltinClassLoader::findResource (154 bytes)

VM state: not at safepoint (normal execution)

VM Mutex/Monitor currently owned by a thread: None

Heap address: 0x0000000081a00000, size: 2022 MB, Compressed Oops mode: 32-bit

CDS archive(s) mapped at: [0x0000000800000000-0x0000000800c40000-0x0000000800c40000), size 12845056, SharedBaseAddress: 0x0000000800000000, ArchiveRelocationMode: 0.
Compressed class space mapped at: 0x0000000801000000-0x0000000841000000, reserved size: 1073741824
Narrow klass base: 0x0000000800000000, Narrow klass shift: 0, Narrow klass range: 0x100000000

GC Precious Log:
 CardTable entry size: 512
 Card Set container configuration: InlinePtr #cards 5 size 8 Array Of Cards #cards 12 size 40 Howl #buckets 4 coarsen threshold 1843 Howl Bitmap #cards 512 size 80 coarsen threshold 460 Card regions per heap region 1 cards per card region 2048
 CPUs: 4 total, 4 available
 Memory: 8082M
 Large Page Support: Disabled
 NUMA Support: Disabled
 Compressed Oops: Enabled (32-bit)
 Heap Region Size: 1M
 Heap Min Capacity: 8M
 Heap Initial Capacity: 128M
 Heap Max Capacity: 2022M
 Pre-touch: Disabled
 Parallel Workers: 4
 Concurrent Workers: 1
 Concurrent Refinement Workers: 4
 Periodic GC: Disabled

Heap:
 garbage-first heap   total 131072K, used 5321K [0x0000000081a00000, 0x0000000100000000)
  region size 1024K, 6 young (6144K), 2 survivors (2048K)
 Metaspace       used 6109K, committed 6336K, reserved 1114112K
  class space    used 574K, committed 704K, reserved 1048576K

Heap Regions: E=young(eden), S=young(survivor), O=old, HS=humongous(starts), HC=humongous(continues), CS=collection set, F=free, OA=open archive, CA=closed archive, TAMS=top-at-mark-start (previous, next)
|   0|0x0000000081a00000, 0x0000000081b00000, 0x0000000081b00000|100%| O|  |TAMS 0x0000000081a00000, 0x0000000081a00000| Untracked 
|   1|0x0000000081b00000, 0x0000000081b32400, 0x0000000081c00000| 19%| O|  |TAMS 0x0000000081b00000, 0x0000000081b00000| Untracked 
|   2|0x0000000081c00000, 0x0000000081c00000, 0x0000000081d00000|  0%| F|  |TAMS 0x0000000081c00000, 0x0000000081c00000| Untracked 
|   3|0x0000000081d00000, 0x0000000081d00000, 0x0000000081e00000|  0%| F|  |TAMS 0x0000000081d00000, 0x0000000081d00000| Untracked 
|   4|0x0000000081e00000, 0x0000000081e00000, 0x0000000081f00000|  0%| F|  |TAMS 0x0000000081e00000, 0x0000000081e00000| Untracked 
|   5|0x0000000081f00000, 0x0000000081f00000, 0x0000000082000000|  0%| F|  |TAMS 0x0000000081f00000, 0x0000000081f00000| Untracked 
|   6|0x0000000082000000, 0x0000000082000000, 0x0000000082100000|  0%| F|  |TAMS 0x0000000082000000, 0x0000000082000000| Untracked 
|   7|0x0000000082100000, 0x0000000082100000, 0x0000000082200000|  0%| F|  |TAMS 0x0000000082100000, 0x0000000082100000| Untracked 
|   8|0x0000000082200000, 0x0000000082200000, 0x0000000082300000|  0%| F|  |TAMS 0x0000000082200000, 0x0000000082200000| Untracked 
|   9|0x0000000082300000, 0x0000000082300000, 0x0000000082400000|  0%| F|  |TAMS 0x0000000082300000, 0x0000000082300000| Untracked 
|  10|0x0000000082400000, 0x0000000082400000, 0x0000000082500000|  0%| F|  |TAMS 0x0000000082400000, 0x0000000082400000| Untracked 
|  11|0x0000000082500000, 0x0000000082500000, 0x0000000082600000|  0%| F|  |TAMS 0x0000000082500000, 0x0000000082500000| Untracked 
|  12|0x0000000082600000, 0x0000000082600000, 0x0000000082700000|  0%| F|  |TAMS 0x0000000082600000, 0x0000000082600000| Untracked 
|  13|0x0000000082700000, 0x0000000082700000, 0x0000000082800000|  0%| F|  |TAMS 0x0000000082700000, 0x0000000082700000| Untracked 
|  14|0x0000000082800000, 0x0000000082800000, 0x0000000082900000|  0%| F|  |TAMS 0x0000000082800000, 0x0000000082800000| Untracked 
|  15|0x0000000082900000, 0x0000000082900000, 0x0000000082a00000|  0%| F|  |TAMS 0x0000000082900000, 0x0000000082900000| Untracked 
|  16|0x0000000082a00000, 0x0000000082a00000, 0x0000000082b00000|  0%| F|  |TAMS 0x0000000082a00000, 0x0000000082a00000| Untracked 
|  17|0x0000000082b00000, 0x0000000082b00000, 0x0000000082c00000|  0%| F|  |TAMS 0x0000000082b00000, 0x0000000082b00000| Untracked 
|  18|0x0000000082c00000, 0x0000000082c00000, 0x0000000082d00000|  0%| F|  |TAMS 0x0000000082c00000, 0x0000000082c00000| Untracked 
|  19|0x0000000082d00000, 0x0000000082d00000, 0x0000000082e00000|  0%| F|  |TAMS 0x0000000082d00000, 0x0000000082d00000| Untracked 
|  20|0x0000000082e00000, 0x0000000082e00000, 0x0000000082f00000|  0%| F|  |TAMS 0x0000000082e00000, 0x0000000082e00000| Untracked 
|  21|0x0000000082f00000, 0x0000000082f00000, 0x0000000083000000|  0%| F|  |TAMS 0x0000000082f00000, 0x0000000082f00000| Untracked 
|  22|0x0000000083000000, 0x0000000083000000, 0x0000000083100000|  0%| F|  |TAMS 0x0000000083000000, 0x0000000083000000| Untracked 
|  23|0x0000000083100000, 0x0000000083100000, 0x0000000083200000|  0%| F|  |TAMS 0x0000000083100000, 0x0000000083100000| Untracked 
|  24|0x0000000083200000, 0x0000000083200000, 0x0000000083300000|  0%| F|  |TAMS 0x0000000083200000, 0x0000000083200000| Untracked 
|  25|0x0000000083300000, 0x0000000083300000, 0x0000000083400000|  0%| F|  |TAMS 0x0000000083300000, 0x0000000083300000| Untracked 
|  26|0x0000000083400000, 0x0000000083400000, 0x0000000083500000|  0%| F|  |TAMS 0x0000000083400000, 0x0000000083400000| Untracked 
|  27|0x0000000083500000, 0x0000000083500000, 0x0000000083600000|  0%| F|  |TAMS 0x0000000083500000, 0x0000000083500000| Untracked 
|  28|0x0000000083600000, 0x0000000083600000, 0x0000000083700000|  0%| F|  |TAMS 0x0000000083600000, 0x0000000083600000| Untracked 
|  29|0x0000000083700000, 0x0000000083700000, 0x0000000083800000|  0%| F|  |TAMS 0x0000000083700000, 0x0000000083700000| Untracked 
|  30|0x0000000083800000, 0x0000000083800000, 0x0000000083900000|  0%| F|  |TAMS 0x0000000083800000, 0x0000000083800000| Untracked 
|  31|0x0000000083900000, 0x0000000083900000, 0x0000000083a00000|  0%| F|  |TAMS 0x0000000083900000, 0x0000000083900000| Untracked 
|  32|0x0000000083a00000, 0x0000000083a00000, 0x0000000083b00000|  0%| F|  |TAMS 0x0000000083a00000, 0x0000000083a00000| Untracked 
|  33|0x0000000083b00000, 0x0000000083b00000, 0x0000000083c00000|  0%| F|  |TAMS 0x0000000083b00000, 0x0000000083b00000| Untracked 
|  34|0x0000000083c00000, 0x0000000083c00000, 0x0000000083d00000|  0%| F|  |TAMS 0x0000000083c00000, 0x0000000083c00000| Untracked 
|  35|0x0000000083d00000, 0x0000000083d00000, 0x0000000083e00000|  0%| F|  |TAMS 0x0000000083d00000, 0x0000000083d00000| Untracked 
|  36|0x0000000083e00000, 0x0000000083e00000, 0x0000000083f00000|  0%| F|  |TAMS 0x0000000083e00000, 0x0000000083e00000| Untracked 
|  37|0x0000000083f00000, 0x0000000083f00000, 0x0000000084000000|  0%| F|  |TAMS 0x0000000083f00000, 0x0000000083f00000| Untracked 
|  38|0x0000000084000000, 0x0000000084000000, 0x0000000084100000|  0%| F|  |TAMS 0x0000000084000000, 0x0000000084000000| Untracked 
|  39|0x0000000084100000, 0x0000000084100000, 0x0000000084200000|  0%| F|  |TAMS 0x0000000084100000, 0x0000000084100000| Untracked 
|  40|0x0000000084200000, 0x0000000084200000, 0x0000000084300000|  0%| F|  |TAMS 0x0000000084200000, 0x0000000084200000| Untracked 
|  41|0x0000000084300000, 0x0000000084300000, 0x0000000084400000|  0%| F|  |TAMS 0x0000000084300000, 0x0000000084300000| Untracked 
|  42|0x0000000084400000, 0x0000000084400000, 0x0000000084500000|  0%| F|  |TAMS 0x0000000084400000, 0x0000000084400000| Untracked 
|  43|0x0000000084500000, 0x0000000084500000, 0x0000000084600000|  0%| F|  |TAMS 0x0000000084500000, 0x0000000084500000| Untracked 
|  44|0x0000000084600000, 0x0000000084600000, 0x0000000084700000|  0%| F|  |TAMS 0x0000000084600000, 0x0000000084600000| Untracked 
|  45|0x0000000084700000, 0x0000000084700000, 0x0000000084800000|  0%| F|  |TAMS 0x0000000084700000, 0x0000000084700000| Untracked 
|  46|0x0000000084800000, 0x0000000084800000, 0x0000000084900000|  0%| F|  |TAMS 0x0000000084800000, 0x0000000084800000| Untracked 
|  47|0x0000000084900000, 0x0000000084900000, 0x0000000084a00000|  0%| F|  |TAMS 0x0000000084900000, 0x0000000084900000| Untracked 
|  48|0x0000000084a00000, 0x0000000084a00000, 0x0000000084b00000|  0%| F|  |TAMS 0x0000000084a00000, 0x0000000084a00000| Untracked 
|  49|0x0000000084b00000, 0x0000000084b00000, 0x0000000084c00000|  0%| F|  |TAMS 0x0000000084b00000, 0x0000000084b00000| Untracked 
|  50|0x0000000084c00000, 0x0000000084c00000, 0x0000000084d00000|  0%| F|  |TAMS 0x0000000084c00000, 0x0000000084c00000| Untracked 
|  51|0x0000000084d00000, 0x0000000084d00000, 0x0000000084e00000|  0%| F|  |TAMS 0x0000000084d00000, 0x0000000084d00000| Untracked 
|  52|0x0000000084e00000, 0x0000000084e00000, 0x0000000084f00000|  0%| F|  |TAMS 0x0000000084e00000, 0x0000000084e00000| Untracked 
|  53|0x0000000084f00000, 0x0000000084f00000, 0x0000000085000000|  0%| F|  |TAMS 0x0000000084f00000, 0x0000000084f00000| Untracked 
|  54|0x0000000085000000, 0x0000000085000000, 0x0000000085100000|  0%| F|  |TAMS 0x0000000085000000, 0x0000000085000000| Untracked 
|  55|0x0000000085100000, 0x0000000085100000, 0x0000000085200000|  0%| F|  |TAMS 0x0000000085100000, 0x0000000085100000| Untracked 
|  56|0x0000000085200000, 0x0000000085200000, 0x0000000085300000|  0%| F|  |TAMS 0x0000000085200000, 0x0000000085200000| Untracked 
|  57|0x0000000085300000, 0x0000000085300000, 0x0000000085400000|  0%| F|  |TAMS 0x0000000085300000, 0x0000000085300000| Untracked 
|  58|0x0000000085400000, 0x0000000085400000, 0x0000000085500000|  0%| F|  |TAMS 0x0000000085400000, 0x0000000085400000| Untracked 
|  59|0x0000000085500000, 0x0000000085500000, 0x0000000085600000|  0%| F|  |TAMS 0x0000000085500000, 0x0000000085500000| Untracked 
|  60|0x0000000085600000, 0x0000000085600000, 0x0000000085700000|  0%| F|  |TAMS 0x0000000085600000, 0x0000000085600000| Untracked 
|  61|0x0000000085700000, 0x0000000085700000, 0x0000000085800000|  0%| F|  |TAMS 0x0000000085700000, 0x0000000085700000| Untracked 
|  62|0x0000000085800000, 0x0000000085800000, 0x0000000085900000|  0%| F|  |TAMS 0x0000000085800000, 0x0000000085800000| Untracked 
|  63|0x0000000085900000, 0x0000000085900000, 0x0000000085a00000|  0%| F|  |TAMS 0x0000000085900000, 0x0000000085900000| Untracked 
|  64|0x0000000085a00000, 0x0000000085a00000, 0x0000000085b00000|  0%| F|  |TAMS 0x0000000085a00000, 0x0000000085a00000| Untracked 
|  65|0x0000000085b00000, 0x0000000085b00000, 0x0000000085c00000|  0%| F|  |TAMS 0x0000000085b00000, 0x0000000085b00000| Untracked 
|  66|0x0000000085c00000, 0x0000000085c00000, 0x0000000085d00000|  0%| F|  |TAMS 0x0000000085c00000, 0x0000000085c00000| Untracked 
|  67|0x0000000085d00000, 0x0000000085d00000, 0x0000000085e00000|  0%| F|  |TAMS 0x0000000085d00000, 0x0000000085d00000| Untracked 
|  68|0x0000000085e00000, 0x0000000085e00000, 0x0000000085f00000|  0%| F|  |TAMS 0x0000000085e00000, 0x0000000085e00000| Untracked 
|  69|0x0000000085f00000, 0x0000000085f00000, 0x0000000086000000|  0%| F|  |TAMS 0x0000000085f00000, 0x0000000085f00000| Untracked 
|  70|0x0000000086000000, 0x0000000086000000, 0x0000000086100000|  0%| F|  |TAMS 0x0000000086000000, 0x0000000086000000| Untracked 
|  71|0x0000000086100000, 0x0000000086100000, 0x0000000086200000|  0%| F|  |TAMS 0x0000000086100000, 0x0000000086100000| Untracked 
|  72|0x0000000086200000, 0x0000000086200000, 0x0000000086300000|  0%| F|  |TAMS 0x0000000086200000, 0x0000000086200000| Untracked 
|  73|0x0000000086300000, 0x0000000086300000, 0x0000000086400000|  0%| F|  |TAMS 0x0000000086300000, 0x0000000086300000| Untracked 
|  74|0x0000000086400000, 0x0000000086400000, 0x0000000086500000|  0%| F|  |TAMS 0x0000000086400000, 0x0000000086400000| Untracked 
|  75|0x0000000086500000, 0x0000000086500000, 0x0000000086600000|  0%| F|  |TAMS 0x0000000086500000, 0x0000000086500000| Untracked 
|  76|0x0000000086600000, 0x0000000086600000, 0x0000000086700000|  0%| F|  |TAMS 0x0000000086600000, 0x0000000086600000| Untracked 
|  77|0x0000000086700000, 0x0000000086700000, 0x0000000086800000|  0%| F|  |TAMS 0x0000000086700000, 0x0000000086700000| Untracked 
|  78|0x0000000086800000, 0x0000000086800000, 0x0000000086900000|  0%| F|  |TAMS 0x0000000086800000, 0x0000000086800000| Untracked 
|  79|0x0000000086900000, 0x0000000086900000, 0x0000000086a00000|  0%| F|  |TAMS 0x0000000086900000, 0x0000000086900000| Untracked 
|  80|0x0000000086a00000, 0x0000000086a00000, 0x0000000086b00000|  0%| F|  |TAMS 0x0000000086a00000, 0x0000000086a00000| Untracked 
|  81|0x0000000086b00000, 0x0000000086b00000, 0x0000000086c00000|  0%| F|  |TAMS 0x0000000086b00000, 0x0000000086b00000| Untracked 
|  82|0x0000000086c00000, 0x0000000086c00000, 0x0000000086d00000|  0%| F|  |TAMS 0x0000000086c00000, 0x0000000086c00000| Untracked 
|  83|0x0000000086d00000, 0x0000000086d00000, 0x0000000086e00000|  0%| F|  |TAMS 0x0000000086d00000, 0x0000000086d00000| Untracked 
|  84|0x0000000086e00000, 0x0000000086e00000, 0x0000000086f00000|  0%| F|  |TAMS 0x0000000086e00000, 0x0000000086e00000| Untracked 
|  85|0x0000000086f00000, 0x0000000086f00000, 0x0000000087000000|  0%| F|  |TAMS 0x0000000086f00000, 0x0000000086f00000| Untracked 
|  86|0x0000000087000000, 0x0000000087000000, 0x0000000087100000|  0%| F|  |TAMS 0x0000000087000000, 0x0000000087000000| Untracked 
|  87|0x0000000087100000, 0x0000000087100000, 0x0000000087200000|  0%| F|  |TAMS 0x0000000087100000, 0x0000000087100000| Untracked 
|  88|0x0000000087200000, 0x0000000087200000, 0x0000000087300000|  0%| F|  |TAMS 0x0000000087200000, 0x0000000087200000| Untracked 
|  89|0x0000000087300000, 0x0000000087300000, 0x0000000087400000|  0%| F|  |TAMS 0x0000000087300000, 0x0000000087300000| Untracked 
|  90|0x0000000087400000, 0x0000000087400000, 0x0000000087500000|  0%| F|  |TAMS 0x0000000087400000, 0x0000000087400000| Untracked 
|  91|0x0000000087500000, 0x0000000087500000, 0x0000000087600000|  0%| F|  |TAMS 0x0000000087500000, 0x0000000087500000| Untracked 
|  92|0x0000000087600000, 0x0000000087600000, 0x0000000087700000|  0%| F|  |TAMS 0x0000000087600000, 0x0000000087600000| Untracked 
|  93|0x0000000087700000, 0x0000000087700000, 0x0000000087800000|  0%| F|  |TAMS 0x0000000087700000, 0x0000000087700000| Untracked 
|  94|0x0000000087800000, 0x0000000087800000, 0x0000000087900000|  0%| F|  |TAMS 0x0000000087800000, 0x0000000087800000| Untracked 
|  95|0x0000000087900000, 0x0000000087900000, 0x0000000087a00000|  0%| F|  |TAMS 0x0000000087900000, 0x0000000087900000| Untracked 
|  96|0x0000000087a00000, 0x0000000087a00000, 0x0000000087b00000|  0%| F|  |TAMS 0x0000000087a00000, 0x0000000087a00000| Untracked 
|  97|0x0000000087b00000, 0x0000000087b00000, 0x0000000087c00000|  0%| F|  |TAMS 0x0000000087b00000, 0x0000000087b00000| Untracked 
|  98|0x0000000087c00000, 0x0000000087c00000, 0x0000000087d00000|  0%| F|  |TAMS 0x0000000087c00000, 0x0000000087c00000| Untracked 
|  99|0x0000000087d00000, 0x0000000087d00000, 0x0000000087e00000|  0%| F|  |TAMS 0x0000000087d00000, 0x0000000087d00000| Untracked 
| 100|0x0000000087e00000, 0x0000000087e00000, 0x0000000087f00000|  0%| F|  |TAMS 0x0000000087e00000, 0x0000000087e00000| Untracked 
| 101|0x0000000087f00000, 0x0000000087f00000, 0x0000000088000000|  0%| F|  |TAMS 0x0000000087f00000, 0x0000000087f00000| Untracked 
| 102|0x0000000088000000, 0x0000000088000000, 0x0000000088100000|  0%| F|  |TAMS 0x0000000088000000, 0x0000000088000000| Untracked 
| 103|0x0000000088100000, 0x0000000088100000, 0x0000000088200000|  0%| F|  |TAMS 0x0000000088100000, 0x0000000088100000| Untracked 
| 104|0x0000000088200000, 0x0000000088200000, 0x0000000088300000|  0%| F|  |TAMS 0x0000000088200000, 0x0000000088200000| Untracked 
| 105|0x0000000088300000, 0x0000000088300000, 0x0000000088400000|  0%| F|  |TAMS 0x0000000088300000, 0x0000000088300000| Untracked 
| 106|0x0000000088400000, 0x0000000088400000, 0x0000000088500000|  0%| F|  |TAMS 0x0000000088400000, 0x0000000088400000| Untracked 
| 107|0x0000000088500000, 0x0000000088500000, 0x0000000088600000|  0%| F|  |TAMS 0x0000000088500000, 0x0000000088500000| Untracked 
| 108|0x0000000088600000, 0x0000000088600000, 0x0000000088700000|  0%| F|  |TAMS 0x0000000088600000, 0x0000000088600000| Untracked 
| 109|0x0000000088700000, 0x0000000088700000, 0x0000000088800000|  0%| F|  |TAMS 0x0000000088700000, 0x0000000088700000| Untracked 
| 110|0x0000000088800000, 0x0000000088800000, 0x0000000088900000|  0%| F|  |TAMS 0x0000000088800000, 0x0000000088800000| Untracked 
| 111|0x0000000088900000, 0x0000000088900000, 0x0000000088a00000|  0%| F|  |TAMS 0x0000000088900000, 0x0000000088900000| Untracked 
| 112|0x0000000088a00000, 0x0000000088a00000, 0x0000000088b00000|  0%| F|  |TAMS 0x0000000088a00000, 0x0000000088a00000| Untracked 
| 113|0x0000000088b00000, 0x0000000088c00000, 0x0000000088c00000|100%| S|CS|TAMS 0x0000000088b00000, 0x0000000088b00000| Complete 
| 114|0x0000000088c00000, 0x0000000088d00000, 0x0000000088d00000|100%| S|CS|TAMS 0x0000000088c00000, 0x0000000088c00000| Complete 
| 115|0x0000000088d00000, 0x0000000088d00000, 0x0000000088e00000|  0%| F|  |TAMS 0x0000000088d00000, 0x0000000088d00000| Untracked 
| 116|0x0000000088e00000, 0x0000000088e00000, 0x0000000088f00000|  0%| F|  |TAMS 0x0000000088e00000, 0x0000000088e00000| Untracked 
| 117|0x0000000088f00000, 0x0000000088f00000, 0x0000000089000000|  0%| F|  |TAMS 0x0000000088f00000, 0x0000000088f00000| Untracked 
| 118|0x0000000089000000, 0x0000000089000000, 0x0000000089100000|  0%| F|  |TAMS 0x0000000089000000, 0x0000000089000000| Untracked 
| 119|0x0000000089100000, 0x0000000089100000, 0x0000000089200000|  0%| F|  |TAMS 0x0000000089100000, 0x0000000089100000| Untracked 
| 120|0x0000000089200000, 0x0000000089200000, 0x0000000089300000|  0%| F|  |TAMS 0x0000000089200000, 0x0000000089200000| Untracked 
| 121|0x0000000089300000, 0x0000000089300000, 0x0000000089400000|  0%| F|  |TAMS 0x0000000089300000, 0x0000000089300000| Untracked 
| 122|0x0000000089400000, 0x0000000089400000, 0x0000000089500000|  0%| F|  |TAMS 0x0000000089400000, 0x0000000089400000| Untracked 
| 123|0x0000000089500000, 0x0000000089500000, 0x0000000089600000|  0%| F|  |TAMS 0x0000000089500000, 0x0000000089500000| Untracked 
| 124|0x0000000089600000, 0x000000008968d568, 0x0000000089700000| 55%| E|  |TAMS 0x0000000089600000, 0x0000000089600000| Complete 
| 125|0x0000000089700000, 0x0000000089800000, 0x0000000089800000|100%| E|CS|TAMS 0x0000000089700000, 0x0000000089700000| Complete 
| 126|0x0000000089800000, 0x0000000089900000, 0x0000000089900000|100%| E|CS|TAMS 0x0000000089800000, 0x0000000089800000| Complete 
| 127|0x0000000089900000, 0x0000000089a00000, 0x0000000089a00000|100%| E|  |TAMS 0x0000000089900000, 0x0000000089900000| Complete 

Card table byte_map: [0x000001e8d0a80000,0x000001e8d0e80000] _byte_map_base: 0x000001e8d0673000

Marking Bits (Prev, Next): (CMBitMap*) 0x000001e8b9770d60, (CMBitMap*) 0x000001e8b9770da0
 Prev Bits: [0x000001e8d1280000, 0x000001e8d3218000)
 Next Bits: [0x000001e8d3220000, 0x000001e8d51b8000)

Polling page: 0x000001e8b7690000

Metaspace:

Usage:
  Non-class:      5.41 MB used.
      Class:    574.03 KB used.
       Both:      5.97 MB used.

Virtual space:
  Non-class space:       64.00 MB reserved,       5.50 MB (  9%) committed,  1 nodes.
      Class space:        1.00 GB reserved,     704.00 KB ( <1%) committed,  1 nodes.
             Both:        1.06 GB reserved,       6.19 MB ( <1%) committed. 

Chunk freelists:
   Non-Class:  932.00 KB
       Class:  3.35 MB
        Both:  4.26 MB

MaxMetaspaceSize: unlimited
CompressedClassSpaceSize: 1.00 GB
Initial GC threshold: 21.00 MB
Current GC threshold: 21.00 MB
CDS: on
MetaspaceReclaimPolicy: balanced
 - commit_granule_bytes: 65536.
 - commit_granule_words: 8192.
 - virtual_space_node_default_size: 8388608.
 - enlarge_chunks_in_place: 1.
 - new_chunks_are_fully_committed: 0.
 - uncommit_free_chunks: 1.
 - use_allocation_guard: 0.


Internal statistics:

num_allocs_failed_limit: 0.
num_arena_births: 66.
num_arena_deaths: 0.
num_vsnodes_births: 2.
num_vsnodes_deaths: 0.
num_space_committed: 97.
num_space_uncommitted: 0.
num_chunks_returned_to_freelist: 0.
num_chunks_taken_from_freelist: 211.
num_chunk_merges: 0.
num_chunk_splits: 146.
num_chunks_enlarged: 112.
num_inconsistent_stats: 0.

CodeHeap 'non-profiled nmethods': size=120000Kb used=422Kb max_used=422Kb free=119577Kb
 bounds [0x000001e8c9150000, 0x000001e8c93c0000, 0x000001e8d0680000]
CodeHeap 'profiled nmethods': size=120000Kb used=2052Kb max_used=2052Kb free=117948Kb
 bounds [0x000001e8c1680000, 0x000001e8c18f0000, 0x000001e8c8bb0000]
CodeHeap 'non-nmethods': size=5760Kb used=1280Kb max_used=1322Kb free=4479Kb
 bounds [0x000001e8c8bb0000, 0x000001e8c8e20000, 0x000001e8c9150000]
 total_blobs=1664 nmethods=1165 adapters=410
 compilation: enabled
              stopped_count=0, restarted_count=0
 full_count=0

Compilation events (20 events):
Event: 1850.258 Thread 0x000001e8d7687940 nmethod 1155 0x000001e8c186a910 code [0x000001e8c186bdc0, 0x000001e8c1878fc8]
Event: 2391.142 Thread 0x000001e8d7687940 1157   !   3       java.util.concurrent.locks.AbstractQueuedSynchronizer::acquire (407 bytes)
Event: 2391.148 Thread 0x000001e8d7687940 nmethod 1157 0x000001e8c187de90 code [0x000001e8c187e240, 0x000001e8c187fd58]
Event: 2696.657 Thread 0x000001e8d7681700 1158       4       jdk.internal.misc.Unsafe::putReferenceOpaque (9 bytes)
Event: 2696.661 Thread 0x000001e8d7681700 nmethod 1158 0x000001e8c91b7e90 code [0x000001e8c91b8000, 0x000001e8c91b8138]
Event: 5180.599 Thread 0x000001e8d7681700 1159       4       jdk.internal.misc.Unsafe::weakCompareAndSetInt (11 bytes)
Event: 5180.601 Thread 0x000001e8d7681700 nmethod 1159 0x000001e8c91b8190 code [0x000001e8c91b8300, 0x000001e8c91b8398]
Event: 5951.686 Thread 0x000001e8d7681700 1160       4       jdk.internal.misc.Unsafe::putIntOpaque (9 bytes)
Event: 5951.687 Thread 0x000001e8d7681700 nmethod 1160 0x000001e8c91b8490 code [0x000001e8c91b8600, 0x000001e8c91b8698]
Event: 6458.172 Thread 0x000001e8d7687940 1161   !   3       jdk.internal.ref.PhantomCleanable::isListEmpty (34 bytes)
Event: 6458.173 Thread 0x000001e8d7687940 nmethod 1161 0x000001e8c1880690 code [0x000001e8c1880840, 0x000001e8c1880a98]
Event: 6458.173 Thread 0x000001e8d7687940 1162       3       jdk.internal.misc.InnocuousThread::eraseThreadLocals (23 bytes)
Event: 6458.174 Thread 0x000001e8d7687940 nmethod 1162 0x000001e8c1880b90 code [0x000001e8c1880d40, 0x000001e8c1880f38]
Event: 6532.592 Thread 0x000001e8d7681700 1163       4       java.util.concurrent.locks.AbstractQueuedSynchronizer$Node::setStatusRelaxed (12 bytes)
Event: 6532.593 Thread 0x000001e8d7681700 nmethod 1163 0x000001e8c91b8790 code [0x000001e8c91b8900, 0x000001e8c91b8978]
Event: 8971.461 Thread 0x000001e8d7681700 1164       4       jdk.internal.module.Resources::toPackageName (39 bytes)
Event: 8971.475 Thread 0x000001e8d7681700 nmethod 1164 0x000001e8c91b8a90 code [0x000001e8c91b8c20, 0x000001e8c91b8df8]
Event: 8976.480 Thread 0x000001e8d7681700 1165   !   4       jdk.internal.loader.BuiltinClassLoader::findMiscResource (122 bytes)
Event: 8976.508 Thread 0x000001e8d7681700 nmethod 1165 0x000001e8c91b8f90 code [0x000001e8c91b9160, 0x000001e8c91b95c8]
Event: 8991.509 Thread 0x000001e8d7681700 1166   !   4       jdk.internal.loader.BuiltinClassLoader::findResource (154 bytes)

GC Heap History (2 events):
Event: 37.380 GC heap before
{Heap before GC invocations=0 (full 0):
 garbage-first heap   total 131072K, used 13312K [0x0000000081a00000, 0x0000000100000000)
  region size 1024K, 13 young (13312K), 0 survivors (0K)
 Metaspace       used 5342K, committed 5568K, reserved 1114112K
  class space    used 503K, committed 640K, reserved 1048576K
}
Event: 37.385 GC heap after
{Heap after GC invocations=1 (full 0):
 garbage-first heap   total 131072K, used 3273K [0x0000000081a00000, 0x0000000100000000)
  region size 1024K, 2 young (2048K), 2 survivors (2048K)
 Metaspace       used 5342K, committed 5568K, reserved 1114112K
  class space    used 503K, committed 640K, reserved 1048576K
}

Dll operation events (7 events):
Event: 0.007 Loaded shared library C:\Program Files\Java\jdk-19\bin\java.dll
Event: 0.015 Loaded shared library C:\Program Files\Java\jdk-19\bin\jsvml.dll
Event: 0.061 Loaded shared library C:\Program Files\Java\jdk-19\bin\net.dll
Event: 0.063 Loaded shared library C:\Program Files\Java\jdk-19\bin\nio.dll
Event: 0.089 Loaded shared library C:\Program Files\Java\jdk-19\bin\zip.dll
Event: 0.101 Loaded shared library C:\Program Files\Java\jdk-19\bin\jimage.dll
Event: 37.261 Loaded shared library C:\Program Files\Java\jdk-19\bin\extnet.dll

Deoptimization events (20 events):
Event: 37.402 Thread 0x000001e8b9710d10 Uncommon trap: trap_request=0xffffff45 fr.pc=0x000001e8c919c494 relative=0x00000000000001d4
Event: 37.402 Thread 0x000001e8b9710d10 Uncommon trap: reason=unstable_if action=reinterpret pc=0x000001e8c919c494 method=java.util.HashMap.getNode(Ljava/lang/Object;)Ljava/util/HashMap$Node; @ 66 c2
Event: 37.402 Thread 0x000001e8b9710d10 DEOPT PACKING pc=0x000001e8c919c494 sp=0x0000009dc61fe1a0
Event: 37.402 Thread 0x000001e8b9710d10 DEOPT UNPACKING pc=0x000001e8c8c16da3 sp=0x0000009dc61fe0b0 mode 2
Event: 37.402 Thread 0x000001e8b9710d10 Uncommon trap: trap_request=0xffffff45 fr.pc=0x000001e8c9188230 relative=0x00000000000001f0
Event: 37.402 Thread 0x000001e8b9710d10 Uncommon trap: reason=unstable_if action=reinterpret pc=0x000001e8c9188230 method=java.util.HashMap.getNode(Ljava/lang/Object;)Ljava/util/HashMap$Node; @ 66 c2
Event: 37.402 Thread 0x000001e8b9710d10 DEOPT PACKING pc=0x000001e8c9188230 sp=0x0000009dc61fe130
Event: 37.402 Thread 0x000001e8b9710d10 DEOPT UNPACKING pc=0x000001e8c8c16da3 sp=0x0000009dc61fe0b0 mode 2
Event: 37.422 Thread 0x000001e8b9710d10 DEOPT PACKING pc=0x000001e8c1717dbe sp=0x0000009dc61ff010
Event: 37.422 Thread 0x000001e8b9710d10 DEOPT UNPACKING pc=0x000001e8c8c17543 sp=0x0000009dc61fe4b0 mode 0
Event: 37.429 Thread 0x000001e8b9710d10 DEOPT PACKING pc=0x000001e8c173ee51 sp=0x0000009dc61fe6f0
Event: 37.429 Thread 0x000001e8b9710d10 DEOPT UNPACKING pc=0x000001e8c8c17543 sp=0x0000009dc61fdbe8 mode 0
Event: 37.429 Thread 0x000001e8b9710d10 Uncommon trap: trap_request=0xffffff45 fr.pc=0x000001e8c917d078 relative=0x00000000000007f8
Event: 37.429 Thread 0x000001e8b9710d10 Uncommon trap: reason=unstable_if action=reinterpret pc=0x000001e8c917d078 method=java.util.Properties$LineReader.readLine()I @ 117 c2
Event: 37.429 Thread 0x000001e8b9710d10 DEOPT PACKING pc=0x000001e8c917d078 sp=0x0000009dc61fe750
Event: 37.429 Thread 0x000001e8b9710d10 DEOPT UNPACKING pc=0x000001e8c8c16da3 sp=0x0000009dc61fe6f0 mode 2
Event: 217.418 Thread 0x000001e8d764d930 Uncommon trap: trap_request=0xffffff45 fr.pc=0x000001e8c91b5254 relative=0x0000000000000134
Event: 217.418 Thread 0x000001e8d764d930 Uncommon trap: reason=unstable_if action=reinterpret pc=0x000001e8c91b5254 method=java.util.concurrent.locks.AbstractQueuedSynchronizer.signalNext(Ljava/util/concurrent/locks/AbstractQueuedSynchronizer$Node;)V @ 1 c2
Event: 217.418 Thread 0x000001e8d764d930 DEOPT PACKING pc=0x000001e8c91b5254 sp=0x0000009dc71fee60
Event: 217.418 Thread 0x000001e8d764d930 DEOPT UNPACKING pc=0x000001e8c8c16da3 sp=0x0000009dc71fedc8 mode 2

Classes loaded (20 events):
Event: 37.428 Loading class javax/crypto/NoSuchPaddingException
Event: 37.428 Loading class javax/crypto/NoSuchPaddingException done
Event: 37.428 Loading class javax/crypto/IllegalBlockSizeException
Event: 37.428 Loading class javax/crypto/IllegalBlockSizeException done
Event: 37.428 Loading class javax/crypto/BadPaddingException
Event: 37.428 Loading class javax/crypto/BadPaddingException done
Event: 37.428 Loading class java/security/spec/InvalidKeySpecException
Event: 37.428 Loading class java/security/spec/InvalidKeySpecException done
Event: 37.428 Loading class java/security/spec/KeySpec
Event: 37.428 Loading class java/security/spec/KeySpec done
Event: 37.428 Loading class java/security/cert/CertificateException
Event: 37.428 Loading class java/security/cert/CertificateException done
Event: 37.428 Loading class javax/net/ssl/SSLSocket
Event: 37.428 Loading class javax/net/ssl/SSLSocket done
Event: 37.432 Loading class java/lang/invoke/MethodHandle$1
Event: 37.432 Loading class java/lang/invoke/MethodHandle$1 done
Event: 37.522 Loading class java/time/format/DateTimeParseException
Event: 37.522 Loading class java/time/DateTimeException
Event: 37.522 Loading class java/time/DateTimeException done
Event: 37.522 Loading class java/time/format/DateTimeParseException done

Classes unloaded (0 events):
No events

Classes redefined (0 events):
No events

Internal exceptions (20 events):
Event: 0.064 Thread 0x000001e8b9710d10 Exception <a 'sun/nio/fs/WindowsException'{0x00000000898361a8}> (0x00000000898361a8) 
thrown [s\open\src\hotspot\share\prims\jni.cpp, line 517]
Event: 0.065 Thread 0x000001e8b9710d10 Exception <a 'sun/nio/fs/WindowsException'{0x0000000089836790}> (0x0000000089836790) 
thrown [s\open\src\hotspot\share\prims\jni.cpp, line 517]
Event: 0.066 Thread 0x000001e8b9710d10 Exception <a 'sun/nio/fs/WindowsException'{0x0000000089838ea8}> (0x0000000089838ea8) 
thrown [s\open\src\hotspot\share\prims\jni.cpp, line 517]
Event: 0.066 Thread 0x000001e8b9710d10 Exception <a 'sun/nio/fs/WindowsException'{0x0000000089839a80}> (0x0000000089839a80) 
thrown [s\open\src\hotspot\share\prims\jni.cpp, line 517]
Event: 0.067 Thread 0x000001e8b9710d10 Exception <a 'sun/nio/fs/WindowsException'{0x000000008983a660}> (0x000000008983a660) 
thrown [s\open\src\hotspot\share\prims\jni.cpp, line 517]
Event: 0.067 Thread 0x000001e8b9710d10 Exception <a 'sun/nio/fs/WindowsException'{0x000000008983b270}> (0x000000008983b270) 
thrown [s\open\src\hotspot\share\prims\jni.cpp, line 517]
Event: 0.068 Thread 0x000001e8b9710d10 Exception <a 'sun/nio/fs/WindowsException'{0x000000008983be68}> (0x000000008983be68) 
thrown [s\open\src\hotspot\share\prims\jni.cpp, line 517]
Event: 0.068 Thread 0x000001e8b9710d10 Exception <a 'sun/nio/fs/WindowsException'{0x000000008983cac8}> (0x000000008983cac8) 
thrown [s\open\src\hotspot\share\prims\jni.cpp, line 517]
Event: 0.068 Thread 0x000001e8b9710d10 Exception <a 'sun/nio/fs/WindowsException'{0x000000008983d6d8}> (0x000000008983d6d8) 
thrown [s\open\src\hotspot\share\prims\jni.cpp, line 517]
Event: 37.155 Thread 0x000001e8b9710d10 Exception <a 'java/lang/NoSuchMethodError'{0x0000000089400c18}: 'java.lang.Object java.lang.invoke.DirectMethodHandle$Holder.invokeStaticInit(java.lang.Object)'> (0x0000000089400c18) 
thrown [s\open\src\hotspot\share\interpreter\linkResolver.cpp, line 774]
Event: 37.159 Thread 0x000001e8b9710d10 Exception <a 'java/lang/NoSuchMethodError'{0x000000008942a388}: 'java.lang.Object java.lang.invoke.DirectMethodHandle$Holder.invokeInterface(java.lang.Object, java.lang.Object)'> (0x000000008942a388) 
thrown [s\open\src\hotspot\share\interpreter\linkResolver.cpp, line 774]
Event: 37.179 Thread 0x000001e8b9710d10 Exception <a 'java/lang/NoSuchMethodError'{0x00000000894b2e48}: 'void java.lang.invoke.DirectMethodHandle$Holder.invokeSpecial(java.lang.Object, java.lang.Object, java.lang.Object)'> (0x00000000894b2e48) 
thrown [s\open\src\hotspot\share\interpreter\linkResolver.cpp, line 774]
Event: 37.180 Thread 0x000001e8b9710d10 Exception <a 'java/lang/NoSuchMethodError'{0x00000000894b99a0}: 'void java.lang.invoke.DirectMethodHandle$Holder.invokeStatic(java.lang.Object, java.lang.Object, java.lang.Object)'> (0x00000000894b99a0) 
thrown [s\open\src\hotspot\share\interpreter\linkResolver.cpp, line 774]
Event: 37.182 Thread 0x000001e8b9710d10 Exception <a 'java/lang/NoSuchMethodError'{0x00000000894c37a0}: 'java.lang.Object java.lang.invoke.DirectMethodHandle$Holder.invokeVirtual(java.lang.Object, java.lang.Object, java.lang.Object)'> (0x00000000894c37a0) 
thrown [s\open\src\hotspot\share\interpreter\linkResolver.cpp, line 774]
Event: 37.262 Thread 0x000001e8b9710d10 Exception <a 'java/lang/NoSuchMethodError'{0x00000000890223a0}: 'void java.lang.invoke.DirectMethodHandle$Holder.invokeStatic(java.lang.Object, java.lang.Object)'> (0x00000000890223a0) 
thrown [s\open\src\hotspot\share\interpreter\linkResolver.cpp, line 774]
Event: 37.379 Thread 0x000001e8b9710d10 Implicit null exception at 0x000001e8c918a0fe to 0x000001e8c918acfc
Event: 37.379 Thread 0x000001e8b9710d10 Implicit null exception at 0x000001e8c917e12f to 0x000001e8c917e1a9
Event: 37.423 Thread 0x000001e8b9710d10 Exception <a 'java/lang/NoSuchMethodError'{0x000000008971b9b8}: 'int java.lang.invoke.DirectMethodHandle$Holder.invokeSpecial(java.lang.Object, java.lang.Object, java.lang.Object)'> (0x000000008971b9b8) 
thrown [s\open\src\hotspot\share\interpreter\linkResolver.cpp, line 774]
Event: 37.431 Thread 0x000001e8b9710d10 Exception <a 'java/lang/NoSuchMethodError'{0x000000008973e448}: 'void java.lang.invoke.DirectMethodHandle$Holder.invokeStaticInit(java.lang.Object, java.lang.Object)'> (0x000000008973e448) 
thrown [s\open\src\hotspot\share\interpreter\linkResolver.cpp, line 774]
Event: 37.494 Thread 0x000001e8b9710d10 Exception <a 'java/lang/NoSuchMethodError'{0x0000000089758710}: 'void java.lang.invoke.DirectMethodHandle$Holder.invokeInterface(java.lang.Object, java.lang.Object)'> (0x0000000089758710) 
thrown [s\open\src\hotspot\share\interpreter\linkResolver.cpp, line 774]

VM Operations (20 events):
Event: 37.145 Executing VM operation: Cleanup
Event: 37.145 Executing VM operation: Cleanup done
Event: 37.248 Executing VM operation: HandshakeAllThreads
Event: 37.248 Executing VM operation: HandshakeAllThreads done
Event: 37.378 Executing VM operation: HandshakeAllThreads
Event: 37.378 Executing VM operation: HandshakeAllThreads done
Event: 37.380 Executing VM operation: G1CollectForAllocation
Event: 37.385 Executing VM operation: G1CollectForAllocation done
Event: 38.395 Executing VM operation: Cleanup
Event: 38.395 Executing VM operation: Cleanup done
Event: 207.730 Executing VM operation: Cleanup
Event: 207.730 Executing VM operation: Cleanup done
Event: 533.189 Executing VM operation: Cleanup
Event: 533.189 Executing VM operation: Cleanup done
Event: 658.243 Executing VM operation: Cleanup
Event: 658.243 Executing VM operation: Cleanup done
Event: 1094.514 Executing VM operation: Cleanup
Event: 1094.514 Executing VM operation: Cleanup done
Event: 1805.652 Executing VM operation: Cleanup
Event: 1805.653 Executing VM operation: Cleanup done

Events (19 events):
Event: 0.015 Thread 0x000001e8b9710d10 Thread added: 0x000001e8b9710d10
Event: 0.026 Thread 0x000001e8d7679190 Thread added: 0x000001e8d7679190
Event: 0.026 Thread 0x000001e8d767bbd0 Thread added: 0x000001e8d767bbd0
Event: 0.026 Thread 0x000001e8d767c8c0 Thread added: 0x000001e8d767c8c0
Event: 0.026 Thread 0x000001e8d767d470 Thread added: 0x000001e8d767d470
Event: 0.026 Thread 0x000001e8d767dee0 Thread added: 0x000001e8d767dee0
Event: 0.026 Thread 0x000001e8d767ea90 Thread added: 0x000001e8d767ea90
Event: 0.026 Thread 0x000001e8d7681700 Thread added: 0x000001e8d7681700
Event: 0.026 Thread 0x000001e8d7687940 Thread added: 0x000001e8d7687940
Event: 0.027 Thread 0x000001e8d76b3ea0 Thread added: 0x000001e8d76b3ea0
Event: 0.051 Thread 0x000001e8d764d930 Thread added: 0x000001e8d764d930
Event: 0.083 Thread 0x000001e8dbaf7c70 Thread added: 0x000001e8dbaf7c70
Event: 0.087 Thread 0x000001e8dbadc760 Thread added: 0x000001e8dbadc760
Event: 5.129 Thread 0x000001e8dbadc760 Thread exited: 0x000001e8dbadc760
Event: 23.128 Thread 0x000001e8dbb23cb0 Thread added: 0x000001e8dbb23cb0
Event: 28.143 Thread 0x000001e8dbb23cb0 Thread exited: 0x000001e8dbb23cb0
Event: 37.132 Thread 0x000001e8dbb1ea10 Thread added: 0x000001e8dbb1ea10
Event: 37.173 Thread 0x000001e8d76cb240 Thread added: 0x000001e8d76cb240
Event: 42.537 Thread 0x000001e8d76cb240 Thread exited: 0x000001e8d76cb240


Dynamic libraries:
0x00007ff781ad0000 - 0x00007ff781ae0000 	C:\Program Files\Java\jdk-19\bin\java.exe
0x00007ffb25950000 - 0x00007ffb25b48000 	C:\WINDOWS\SYSTEM32\ntdll.dll
0x00007ffb239e0000 - 0x00007ffb23aa2000 	C:\WINDOWS\System32\KERNEL32.DLL
0x00007ffb232e0000 - 0x00007ffb235df000 	C:\WINDOWS\System32\KERNELBASE.dll
0x00007ffb230d0000 - 0x00007ffb231d0000 	C:\WINDOWS\System32\ucrtbase.dll
0x00007ffb060b0000 - 0x00007ffb060c8000 	C:\Program Files\Java\jdk-19\bin\jli.dll
0x00007ffb246d0000 - 0x00007ffb2477f000 	C:\WINDOWS\System32\ADVAPI32.dll
0x00007ffb25200000 - 0x00007ffb2529e000 	C:\WINDOWS\System32\msvcrt.dll
0x00007ffb24810000 - 0x00007ffb248af000 	C:\WINDOWS\System32\sechost.dll
0x00007ffb24510000 - 0x00007ffb24633000 	C:\WINDOWS\System32\RPCRT4.dll
0x00007ffb22ff0000 - 0x00007ffb23017000 	C:\WINDOWS\System32\bcrypt.dll
0x00007ffb24920000 - 0x00007ffb24abd000 	C:\WINDOWS\System32\USER32.dll
0x00007ffb231d0000 - 0x00007ffb231f2000 	C:\WINDOWS\System32\win32u.dll
0x00007ffb24480000 - 0x00007ffb244ab000 	C:\WINDOWS\System32\GDI32.dll
0x00007ffb23680000 - 0x00007ffb2379a000 	C:\WINDOWS\System32\gdi32full.dll
0x00007ffb235e0000 - 0x00007ffb2367d000 	C:\WINDOWS\System32\msvcp_win.dll
0x00007ffb1b760000 - 0x00007ffb1b77b000 	C:\Program Files\Java\jdk-19\bin\VCRUNTIME140.dll
0x00007ffb177e0000 - 0x00007ffb17a7a000 	C:\WINDOWS\WinSxS\amd64_microsoft.windows.common-controls_6595b64144ccf1df_6.0.19041.4355_none_60b8b9eb71f62e16\COMCTL32.dll
0x00007ffb17f20000 - 0x00007ffb17f2a000 	C:\WINDOWS\SYSTEM32\VERSION.dll
0x00007ffb250a0000 - 0x00007ffb250cf000 	C:\WINDOWS\System32\IMM32.DLL
0x00007ffb1fce0000 - 0x00007ffb1fcec000 	C:\Program Files\Java\jdk-19\bin\vcruntime140_1.dll
0x00007ffafe320000 - 0x00007ffafe3ae000 	C:\Program Files\Java\jdk-19\bin\msvcp140.dll
0x00007ffac2600000 - 0x00007ffac32c0000 	C:\Program Files\Java\jdk-19\bin\server\jvm.dll
0x00007ffb20400000 - 0x00007ffb20409000 	C:\WINDOWS\SYSTEM32\WSOCK32.dll
0x00007ffb248b0000 - 0x00007ffb2491b000 	C:\WINDOWS\System32\WS2_32.dll
0x00007ffb15f00000 - 0x00007ffb15f27000 	C:\WINDOWS\SYSTEM32\WINMM.dll
0x00007ffb20e90000 - 0x00007ffb20ea2000 	C:\WINDOWS\SYSTEM32\kernel.appcore.dll
0x00007ffb1fcc0000 - 0x00007ffb1fcca000 	C:\Program Files\Java\jdk-19\bin\jimage.dll
0x00007ffb11a10000 - 0x00007ffb11bf4000 	C:\WINDOWS\SYSTEM32\DBGHELP.DLL
0x00007ffb11140000 - 0x00007ffb11174000 	C:\WINDOWS\SYSTEM32\dbgcore.DLL
0x00007ffb23250000 - 0x00007ffb232d2000 	C:\WINDOWS\System32\bcryptPrimitives.dll
0x00007ffb195b0000 - 0x00007ffb195d6000 	C:\Program Files\Java\jdk-19\bin\java.dll
0x00007ffafa080000 - 0x00007ffafa157000 	C:\Program Files\Java\jdk-19\bin\jsvml.dll
0x00007ffb23ab0000 - 0x00007ffb2421d000 	C:\WINDOWS\System32\SHELL32.dll
0x00007ffb21090000 - 0x00007ffb21834000 	C:\WINDOWS\SYSTEM32\windows.storage.dll
0x00007ffb24ac0000 - 0x00007ffb24e15000 	C:\WINDOWS\System32\combase.dll
0x00007ffb22950000 - 0x00007ffb2297b000 	C:\WINDOWS\SYSTEM32\Wldp.dll
0x00007ffb24e20000 - 0x00007ffb24eed000 	C:\WINDOWS\System32\OLEAUT32.dll
0x00007ffb25780000 - 0x00007ffb2582d000 	C:\WINDOWS\System32\SHCORE.dll
0x00007ffb23970000 - 0x00007ffb239c5000 	C:\WINDOWS\System32\shlwapi.dll
0x00007ffb22f20000 - 0x00007ffb22f45000 	C:\WINDOWS\SYSTEM32\profapi.dll
0x00007ffb19560000 - 0x00007ffb19573000 	C:\Program Files\Java\jdk-19\bin\net.dll
0x00007ffb1b5e0000 - 0x00007ffb1b6ea000 	C:\WINDOWS\SYSTEM32\WINHTTP.dll
0x00007ffb226b0000 - 0x00007ffb2271c000 	C:\WINDOWS\system32\mswsock.dll
0x00007ffb09980000 - 0x00007ffb09996000 	C:\Program Files\Java\jdk-19\bin\nio.dll
0x00007ffb06210000 - 0x00007ffb06228000 	C:\Program Files\Java\jdk-19\bin\zip.dll
0x00007ffb223d0000 - 0x00007ffb2249a000 	C:\WINDOWS\SYSTEM32\DNSAPI.dll
0x00007ffb22390000 - 0x00007ffb223cb000 	C:\WINDOWS\SYSTEM32\IPHLPAPI.DLL
0x00007ffb24220000 - 0x00007ffb24228000 	C:\WINDOWS\System32\NSI.dll
0x00007ffb17f80000 - 0x00007ffb17f8a000 	C:\Windows\System32\rasadhlp.dll
0x00007ffb19600000 - 0x00007ffb19680000 	C:\WINDOWS\System32\fwpuclnt.dll
0x00007ffb1fbd0000 - 0x00007ffb1fbd8000 	C:\Program Files\Java\jdk-19\bin\extnet.dll

dbghelp: loaded successfully - version: 4.0.5 - missing functions: none
symbol engine: initialized successfully - sym options: 0x614 - pdb path: .;C:\Program Files\Java\jdk-19\bin;C:\WINDOWS\SYSTEM32;C:\WINDOWS\WinSxS\amd64_microsoft.windows.common-controls_6595b64144ccf1df_6.0.19041.4355_none_60b8b9eb71f62e16;C:\Program Files\Java\jdk-19\bin\server

VM Arguments:
jvm_args: -Dfile.encoding=UTF-8 --module-path=C:\Users\1\OneDrive\Documents\NetBeansProjects\ProyectoClientes-Escritorio-Back-end\build\classes 
java_command: proyectoclientes.escritorio.Main
java_class_path (initial): C:\Users\1\Downloads\mysql-connector-j-9.2.0\mysql-connector-j-9.2.0.jar;C:\Users\1\OneDrive\Documents\NetBeansProjects\ProyectoClientes-Escritorio-Back-end\build\classes
Launcher Type: SUN_STANDARD

[Global flags]
     intx CICompilerCount                          = 3                                         {product} {ergonomic}
     uint ConcGCThreads                            = 1                                         {product} {ergonomic}
     uint G1ConcRefinementThreads                  = 4                                         {product} {ergonomic}
   size_t G1HeapRegionSize                         = 1048576                                   {product} {ergonomic}
    uintx GCDrainStackTargetSize                   = 64                                        {product} {ergonomic}
   size_t InitialHeapSize                          = 134217728                                 {product} {ergonomic}
   size_t MarkStackSize                            = 4194304                                   {product} {ergonomic}
   size_t MaxHeapSize                              = 2120220672                                {product} {ergonomic}
   size_t MaxNewSize                               = 1271922688                                {product} {ergonomic}
   size_t MinHeapDeltaBytes                        = 1048576                                   {product} {ergonomic}
   size_t MinHeapSize                              = 8388608                                   {product} {ergonomic}
    uintx NonNMethodCodeHeapSize                   = 5832780                                {pd product} {ergonomic}
    uintx NonProfiledCodeHeapSize                  = 122912730                              {pd product} {ergonomic}
    uintx ProfiledCodeHeapSize                     = 122912730                              {pd product} {ergonomic}
    uintx ReservedCodeCacheSize                    = 251658240                              {pd product} {ergonomic}
     bool SegmentedCodeCache                       = true                                      {product} {ergonomic}
   size_t SoftMaxHeapSize                          = 2120220672                             {manageable} {ergonomic}
     bool UseCompressedClassPointers               = true                           {product lp64_product} {ergonomic}
     bool UseCompressedOops                        = true                           {product lp64_product} {ergonomic}
     bool UseG1GC                                  = true                                      {product} {ergonomic}
     bool UseLargePagesIndividualAllocation        = false                                  {pd product} {ergonomic}

Logging:
Log output configuration:
 #0: stdout all=warning uptime,level,tags foldmultilines=false
 #1: stderr all=off uptime,level,tags foldmultilines=false

Environment Variables:
JAVA_HOME=C:\Program Files\Java\jdk-19
PATH=C:\Program Files\Common Files\Oracle\Java\javapath;C:\WINDOWS\system32;C:\WINDOWS;C:\WINDOWS\System32\Wbem;C:\WINDOWS\System32\WindowsPowerShell\v1.0\;C:\WINDOWS\System32\OpenSSH\;C:\Program Files\Git\cmd;C:\ProgramData\chocolatey\bin;C:\Program Files\nodejs\;C:\Users\1\AppData\Local\Programs\Python\Python311\Scripts\;C:\Users\1\AppData\Local\Programs\Python\Python311\;C:\Program Files\MySQL\MySQL Shell 8.0\bin\;C:\Users\1\AppData\Local\Microsoft\WindowsApps;C:\Users\1\AppData\Local\Programs\Microsoft VS Code\bin;C:\Users\1\AppData\Roaming\npm;
USERNAME=1
OS=Windows_NT
PROCESSOR_IDENTIFIER=Intel64 Family 6 Model 60 Stepping 3, GenuineIntel
TMP=C:\Users\1\AppData\Local\Temp
TEMP=C:\Users\1\AppData\Local\Temp



---------------  S Y S T E M  ---------------

OS:
 Windows 10 , 64 bit Build 19041 (10.0.19041.5438)
OS uptime: 1 days 17:58 hours

CPU: total 4 (initial active 4) (4 cores per cpu, 1 threads per core) family 6 model 60 stepping 3 microcode 0x27, cx8, cmov, fxsr, mmx, sse, sse2, sse3, ssse3, sse4.1, sse4.2, popcnt, lzcnt, tsc, tscinvbit, avx, avx2, aes, erms, clmul, bmi1, bmi2, fma, vzeroupper, clflush, rdtscp

Memory: 4k page, system-wide physical 8082M (2274M free)
TotalPageFile size 10130M (AvailPageFile size 3M)
current process WorkingSet (physical memory assigned to process): 33M, peak: 71M
current process commit charge ("private bytes"): 215M, peak: 221M

vm_info: Java HotSpot(TM) 64-Bit Server VM (19.0.2+7-44) for windows-amd64 JRE (19.0.2+7-44), built on 2022-11-30T18:02:09Z by "mach5one" with MS VC++ 17.1 (VS2022)

END.
