#
# There is insufficient memory for the Java Runtime Environment to continue.
# Native memory allocation (mmap) failed to map 2097152 bytes for G1 virtual space
# Possible reasons:
#   The system is out of physical RAM or swap space
#   The process is running with CompressedOops enabled, and the Java Heap may be blocking the growth of the native heap
# Possible solutions:
#   Reduce memory load on the system
#   Increase physical memory or swap space
#   Check if swap backing store is full
#   Decrease Java heap size (-Xmx/-Xms)
#   Decrease number of Java threads
#   Decrease Java thread stack sizes (-Xss)
#   Set larger code cache with -XX:ReservedCodeCacheSize=
#   JVM is running with Unscaled Compressed Oops mode in which the Java heap is
#     placed in the first 4GB address space. The Java Heap base address is the
#     maximum limit for the native heap growth. Please use -XX:HeapBaseMinAddress
#     to set the Java Heap base and to place the Java Heap above 4GB virtual address.
# This output file may be truncated or incomplete.
#
#  Out of Memory Error (os_windows.cpp:3536), pid=5196, tid=1460
#
# JRE version:  (19.0.2+7) (build )
# Java VM: Java HotSpot(TM) 64-Bit Server VM (19.0.2+7-44, mixed mode, sharing, tiered, compressed oops, compressed class ptrs, g1 gc, windows-amd64)
# No core dump will be written. Minidumps are not enabled by default on client versions of Windows
#

---------------  S U M M A R Y ------------

Command Line: -Dfile.encoding=UTF-8 --module-path=C:\Users\1\OneDrive\Documents\NetBeansProjects\ProyectoClientes-Escritorio\build\classes proyectoclientes.escritorio.Main

Host: Intel(R) Core(TM) i5-4590 CPU @ 3.30GHz, 4 cores, 7G,  Windows 10 , 64 bit Build 19041 (10.0.19041.5438)
Time: Sat Mar 15 15:17:53 2025 Hora est. Pacífico, Sudamérica elapsed time: 0.013710 seconds (0d 0h 0m 0s)

---------------  T H R E A D  ---------------

Current thread (0x0000028f20a429f0):  JavaThread "Unknown thread" [_thread_in_vm, id=1460, stack(0x000000cd26c00000,0x000000cd26d00000)]

Stack: [0x000000cd26c00000,0x000000cd26d00000]
Native frames: (J=compiled Java code, j=interpreted, Vv=VM code, C=native code)
V  [jvm.dll+0x6ee21a]
V  [jvm.dll+0x85765e]
V  [jvm.dll+0x85904e]
V  [jvm.dll+0x859703]
V  [jvm.dll+0x28298f]
V  [jvm.dll+0x6eb009]
V  [jvm.dll+0x6dfbaa]
V  [jvm.dll+0x3573f6]
V  [jvm.dll+0x35ee56]
V  [jvm.dll+0x3b5448]
V  [jvm.dll+0x3b564f]
V  [jvm.dll+0x32c9ea]
V  [jvm.dll+0x32d89e]
V  [jvm.dll+0x821780]
V  [jvm.dll+0x3c2661]
V  [jvm.dll+0x801f51]
V  [jvm.dll+0x44ae8f]
V  [jvm.dll+0x44c811]
C  [jli.dll+0x5287]
C  [ucrtbase.dll+0x21bb2]
C  [KERNEL32.DLL+0x17374]
C  [ntdll.dll+0x4cc91]


---------------  P R O C E S S  ---------------

Threads class SMR info:
_java_thread_list=0x00007fff039ad048, length=0, elements={
}

Java Threads: ( => current thread )

Other Threads:
  0x0000028f20aa1300 WorkerThread "GC Thread#0" [stack: 0x000000cd26d00000,0x000000cd26e00000] [id=10600]
  0x0000028f20ab1fd0 ConcurrentGCThread "G1 Main Marker" [stack: 0x000000cd26e00000,0x000000cd26f00000] [id=11976]
  0x0000028f20ab30b0 WorkerThread "G1 Conc#0" [stack: 0x000000cd26f00000,0x000000cd27000000] [id=2240]

[error occurred during error reporting (printing all threads), id 0xc0000005, EXCEPTION_ACCESS_VIOLATION (0xc0000005) at pc=0x00007fff0316d427]

VM state: not at safepoint (not fully initialized)

VM Mutex/Monitor currently owned by a thread:  ([mutex/lock_event])
[0x0000028f20a41930] Heap_lock - owner thread: 0x0000028f20a429f0

Heap address: 0x0000000081a00000, size: 2022 MB, Compressed Oops mode: 32-bit

CDS archive(s) mapped at: [0x0000000000000000-0x0000000000000000-0x0000000000000000), size 0, SharedBaseAddress: 0x0000000800000000, ArchiveRelocationMode: 0.
Narrow klass base: 0x0000000000000000, Narrow klass shift: 0, Narrow klass range: 0x0

GC Precious Log:
 CardTable entry size: 512
 Card Set container configuration: InlinePtr #cards 5 size 8 Array Of Cards #cards 12 size 40 Howl #buckets 4 coarsen threshold 1843 Howl Bitmap #cards 512 size 80 coarsen threshold 460 Card regions per heap region 1 cards per card region 2048

Heap:
 garbage-first heap   total 0K, used 0K [0x0000000081a00000, 0x0000000100000000)
  region size 1024K, 0 young (0K), 0 survivors (0K)

[error occurred during error reporting (printing heap information), id 0xc0000005, EXCEPTION_ACCESS_VIOLATION (0xc0000005) at pc=0x00007fff03576649]

GC Heap History (0 events):
No events

Dll operation events (1 events):
Event: 0.006 Loaded shared library C:\Program Files\Java\jdk-19\bin\java.dll

Deoptimization events (0 events):
No events

Classes loaded (0 events):
No events

Classes unloaded (0 events):
No events

Classes redefined (0 events):
No events

Internal exceptions (0 events):
No events

VM Operations (0 events):
No events

Events (0 events):
No events


Dynamic libraries:
0x00007ff673c80000 - 0x00007ff673c90000 	C:\Program Files\Java\jdk-19\bin\java.exe
0x00007fff519b0000 - 0x00007fff51ba8000 	C:\WINDOWS\SYSTEM32\ntdll.dll
0x00007fff51700000 - 0x00007fff517c2000 	C:\WINDOWS\System32\KERNEL32.DLL
0x00007fff4f050000 - 0x00007fff4f34f000 	C:\WINDOWS\System32\KERNELBASE.dll
0x00007fff4f470000 - 0x00007fff4f570000 	C:\WINDOWS\System32\ucrtbase.dll
0x00007fff4c0f0000 - 0x00007fff4c108000 	C:\Program Files\Java\jdk-19\bin\jli.dll
0x00007fff51650000 - 0x00007fff516ff000 	C:\WINDOWS\System32\ADVAPI32.dll
0x00007fff50fe0000 - 0x00007fff5107e000 	C:\WINDOWS\System32\msvcrt.dll
0x00007fff51260000 - 0x00007fff512ff000 	C:\WINDOWS\System32\sechost.dll
0x00007fff4fb00000 - 0x00007fff4fc23000 	C:\WINDOWS\System32\RPCRT4.dll
0x00007fff4f840000 - 0x00007fff4f867000 	C:\WINDOWS\System32\bcrypt.dll
0x00007fff51300000 - 0x00007fff5149d000 	C:\WINDOWS\System32\USER32.dll
0x00007fff4f810000 - 0x00007fff4f832000 	C:\WINDOWS\System32\win32u.dll
0x00007fff51870000 - 0x00007fff5189b000 	C:\WINDOWS\System32\GDI32.dll
0x00007fff2b390000 - 0x00007fff2b3ab000 	C:\Program Files\Java\jdk-19\bin\VCRUNTIME140.dll
0x00007fff4f5c0000 - 0x00007fff4f6da000 	C:\WINDOWS\System32\gdi32full.dll
0x00007fff4f770000 - 0x00007fff4f80d000 	C:\WINDOWS\System32\msvcp_win.dll
0x00007fff447b0000 - 0x00007fff44a4a000 	C:\WINDOWS\WinSxS\amd64_microsoft.windows.common-controls_6595b64144ccf1df_6.0.19041.4355_none_60b8b9eb71f62e16\COMCTL32.dll
0x00007fff44c70000 - 0x00007fff44c7a000 	C:\WINDOWS\SYSTEM32\VERSION.dll
0x00007fff50170000 - 0x00007fff5019f000 	C:\WINDOWS\System32\IMM32.DLL
0x00007fff37ea0000 - 0x00007fff37eac000 	C:\Program Files\Java\jdk-19\bin\vcruntime140_1.dll
0x00007fff03cb0000 - 0x00007fff03d3e000 	C:\Program Files\Java\jdk-19\bin\msvcp140.dll
0x00007fff02e30000 - 0x00007fff03af0000 	C:\Program Files\Java\jdk-19\bin\server\jvm.dll
0x00007fff454a0000 - 0x00007fff454a9000 	C:\WINDOWS\SYSTEM32\WSOCK32.dll
0x00007fff51130000 - 0x00007fff5119b000 	C:\WINDOWS\System32\WS2_32.dll
0x00007fff42b60000 - 0x00007fff42b87000 	C:\WINDOWS\SYSTEM32\WINMM.dll
0x00007fff4cef0000 - 0x00007fff4cf02000 	C:\WINDOWS\SYSTEM32\kernel.appcore.dll
0x00007fff37e60000 - 0x00007fff37e6a000 	C:\Program Files\Java\jdk-19\bin\jimage.dll
0x00007fff3f110000 - 0x00007fff3f2f4000 	C:\WINDOWS\SYSTEM32\DBGHELP.DLL
0x00007fff3f580000 - 0x00007fff3f5b4000 	C:\WINDOWS\SYSTEM32\dbgcore.DLL
0x00007fff4f6e0000 - 0x00007fff4f762000 	C:\WINDOWS\System32\bcryptPrimitives.dll
0x00007fff266a0000 - 0x00007fff266c6000 	C:\Program Files\Java\jdk-19\bin\java.dll

dbghelp: loaded successfully - version: 4.0.5 - missing functions: none
symbol engine: initialized successfully - sym options: 0x614 - pdb path: .;C:\Program Files\Java\jdk-19\bin;C:\WINDOWS\SYSTEM32;C:\WINDOWS\WinSxS\amd64_microsoft.windows.common-controls_6595b64144ccf1df_6.0.19041.4355_none_60b8b9eb71f62e16;C:\Program Files\Java\jdk-19\bin\server

VM Arguments:
jvm_args: -Dfile.encoding=UTF-8 --module-path=C:\Users\1\OneDrive\Documents\NetBeansProjects\ProyectoClientes-Escritorio\build\classes 
java_command: proyectoclientes.escritorio.Main
java_class_path (initial): C:\Users\1\Downloads\mysql-connector-j-9.2.0\mysql-connector-j-9.2.0.jar;C:\Users\1\OneDrive\Documents\NetBeansProjects\ProyectoClientes-Escritorio\build\classes
Launcher Type: SUN_STANDARD

[Global flags]
     intx CICompilerCount                          = 3                                         {product} {ergonomic}
     uint ConcGCThreads                            = 1                                         {product} {ergonomic}
     uint G1ConcRefinementThreads                  = 4                                         {product} {ergonomic}
   size_t G1HeapRegionSize                         = 1048576                                   {product} {ergonomic}
    uintx GCDrainStackTargetSize                   = 64                                        {product} {ergonomic}
   size_t InitialHeapSize                          = 134217728                                 {product} {ergonomic}
   size_t MarkStackSize                            = 4194304                                   {product} {ergonomic}
   size_t MaxHeapSize                              = 2120220672                                {product} {ergonomic}
   size_t MinHeapDeltaBytes                        = 1048576                                   {product} {ergonomic}
   size_t MinHeapSize                              = 8388608                                   {product} {ergonomic}
    uintx NonNMethodCodeHeapSize                   = 5832780                                {pd product} {ergonomic}
    uintx NonProfiledCodeHeapSize                  = 122912730                              {pd product} {ergonomic}
    uintx ProfiledCodeHeapSize                     = 122912730                              {pd product} {ergonomic}
    uintx ReservedCodeCacheSize                    = 251658240                              {pd product} {ergonomic}
     bool SegmentedCodeCache                       = true                                      {product} {ergonomic}
   size_t SoftMaxHeapSize                          = 2120220672                             {manageable} {ergonomic}
     bool UseCompressedClassPointers               = true                           {product lp64_product} {ergonomic}
     bool UseCompressedOops                        = true                           {product lp64_product} {ergonomic}
     bool UseG1GC                                  = true                                      {product} {ergonomic}
     bool UseLargePagesIndividualAllocation        = false                                  {pd product} {ergonomic}

Logging:
Log output configuration:
 #0: stdout all=warning uptime,level,tags foldmultilines=false
 #1: stderr all=off uptime,level,tags foldmultilines=false

Environment Variables:
JAVA_HOME=C:\Program Files\Java\jdk-19
PATH=C:\Program Files\Common Files\Oracle\Java\javapath;C:\WINDOWS\system32;C:\WINDOWS;C:\WINDOWS\System32\Wbem;C:\WINDOWS\System32\WindowsPowerShell\v1.0\;C:\WINDOWS\System32\OpenSSH\;C:\Program Files\Git\cmd;C:\ProgramData\chocolatey\bin;C:\Program Files\nodejs\;C:\Users\1\AppData\Local\Programs\Python\Python311\Scripts\;C:\Users\1\AppData\Local\Programs\Python\Python311\;C:\Program Files\MySQL\MySQL Shell 8.0\bin\;C:\Users\1\AppData\Local\Microsoft\WindowsApps;C:\Users\1\AppData\Local\Programs\Microsoft VS Code\bin;C:\Users\1\AppData\Roaming\npm;
USERNAME=1
OS=Windows_NT
PROCESSOR_IDENTIFIER=Intel64 Family 6 Model 60 Stepping 3, GenuineIntel
TMP=C:\Users\1\AppData\Local\Temp
TEMP=C:\Users\1\AppData\Local\Temp



---------------  S Y S T E M  ---------------

OS:
 Windows 10 , 64 bit Build 19041 (10.0.19041.5438)
OS uptime: 0 days 1:29 hours

CPU: total 4 (initial active 4) (4 cores per cpu, 1 threads per core) family 6 model 60 stepping 3 microcode 0x27, cx8, cmov, fxsr, mmx, sse, sse2, sse3, ssse3, sse4.1, sse4.2, popcnt, lzcnt, tsc, tscinvbit, avx, avx2, aes, erms, clmul, bmi1, bmi2, fma, vzeroupper, clflush, rdtscp

Memory: 4k page, system-wide physical 8082M (2127M free)
TotalPageFile size 10130M (AvailPageFile size 6M)
current process WorkingSet (physical memory assigned to process): 10M, peak: 10M
current process commit charge ("private bytes"): 182M, peak: 184M

vm_info: Java HotSpot(TM) 64-Bit Server VM (19.0.2+7-44) for windows-amd64 JRE (19.0.2+7-44), built on 2022-11-30T18:02:09Z by "mach5one" with MS VC++ 17.1 (VS2022)

END.
