#
# There is insufficient memory for the Java Runtime Environment to continue.
# Native memory allocation (malloc) failed to allocate 1048576 bytes for AllocateHeap
# Possible reasons:
#   The system is out of physical RAM or swap space
#   The process is running with CompressedOops enabled, and the Java Heap may be blocking the growth of the native heap
# Possible solutions:
#   Reduce memory load on the system
#   Increase physical memory or swap space
#   Check if swap backing store is full
#   Decrease Java heap size (-Xmx/-Xms)
#   Decrease number of Java threads
#   Decrease Java thread stack sizes (-Xss)
#   Set larger code cache with -XX:ReservedCodeCacheSize=
#   JVM is running with Unscaled Compressed Oops mode in which the Java heap is
#     placed in the first 4GB address space. The Java Heap base address is the
#     maximum limit for the native heap growth. Please use -XX:HeapBaseMinAddress
#     to set the Java Heap base and to place the Java Heap above 4GB virtual address.
# This output file may be truncated or incomplete.
#
#  Out of Memory Error (allocation.cpp:44), pid=5896, tid=2664
#
# JRE version:  (19.0.2+7) (build )
# Java VM: Java HotSpot(TM) 64-Bit Server VM (19.0.2+7-44, mixed mode, sharing, tiered, compressed oops, compressed class ptrs, g1 gc, windows-amd64)
# No core dump will be written. Minidumps are not enabled by default on client versions of Windows
#

---------------  S U M M A R Y ------------

Command Line: -Dfile.encoding=UTF-8 --module-path=C:\Users\1\OneDrive\Documents\NetBeansProjects\ProyectoClientes-Escritorio-Back-end\build\classes proyectoclientes.escritorio.Main

Host: Intel(R) Core(TM) i5-4590 CPU @ 3.30GHz, 4 cores, 7G,  Windows 10 , 64 bit Build 19041 (10.0.19041.5438)
Time: Mon Mar 17 11:37:09 2025 Hora est. Pacífico, Sudamérica elapsed time: 0.008145 seconds (0d 0h 0m 0s)

---------------  T H R E A D  ---------------

Current thread (0x0000020344f2e3d0):  JavaThread "Unknown thread" [_thread_in_vm, id=2664, stack(0x00000036f6100000,0x00000036f6200000)]

Stack: [0x00000036f6100000,0x00000036f6200000]
Native frames: (J=compiled Java code, j=interpreted, Vv=VM code, C=native code)
V  [jvm.dll+0x6ee21a]
V  [jvm.dll+0x85765e]
V  [jvm.dll+0x85904e]
V  [jvm.dll+0x859703]
V  [jvm.dll+0x28298f]
V  [jvm.dll+0xc406b]
V  [jvm.dll+0x335779]
V  [jvm.dll+0x32d874]
V  [jvm.dll+0x821780]
V  [jvm.dll+0x3c2661]
V  [jvm.dll+0x801f51]
V  [jvm.dll+0x44ae8f]
V  [jvm.dll+0x44c811]
C  [jli.dll+0x5287]
C  [ucrtbase.dll+0x21bb2]
C  [KERNEL32.DLL+0x17374]
C  [ntdll.dll+0x4cc91]


---------------  P R O C E S S  ---------------

Threads class SMR info:
_java_thread_list=0x00007ffac317d048, length=0, elements={
}

Java Threads: ( => current thread )

Other Threads:
  0x0000020347172320 WorkerThread "GC Thread#0" [stack: 0x00000036f6200000,0x00000036f6300000] [id=6100]

[error occurred during error reporting (printing all threads), id 0xc0000005, EXCEPTION_ACCESS_VIOLATION (0xc0000005) at pc=0x00007ffac293a930]

VM state: not at safepoint (not fully initialized)

VM Mutex/Monitor currently owned by a thread:  ([mutex/lock_event])
[0x0000020347113a50] Heap_lock - owner thread: 0x0000020344f2e3d0

Heap address: 0x0000000081a00000, size: 2022 MB, Compressed Oops mode: 32-bit

CDS archive(s) mapped at: [0x0000000000000000-0x0000000000000000-0x0000000000000000), size 0, SharedBaseAddress: 0x0000000800000000, ArchiveRelocationMode: 0.
Narrow klass base: 0x0000000000000000, Narrow klass shift: 0, Narrow klass range: 0x0

GC Precious Log:
 CardTable entry size: 512
 Card Set container configuration: InlinePtr #cards 5 size 8 Array Of Cards #cards 12 size 40 Howl #buckets 4 coarsen threshold 1843 Howl Bitmap #cards 512 size 80 coarsen threshold 460 Card regions per heap region 1 cards per card region 2048

Heap:
 garbage-first heap   total 0K, used 0K [0x0000000081a00000, 0x0000000100000000)
  region size 1024K, 0 young (0K), 0 survivors (0K)

[error occurred during error reporting (printing heap information), id 0xc0000005, EXCEPTION_ACCESS_VIOLATION (0xc0000005) at pc=0x00007ffac2d46649]

GC Heap History (0 events):
No events

Dll operation events (1 events):
Event: 0.005 Loaded shared library C:\Program Files\Java\jdk-19\bin\java.dll

Deoptimization events (0 events):
No events

Classes loaded (0 events):
No events

Classes unloaded (0 events):
No events

Classes redefined (0 events):
No events

Internal exceptions (0 events):
No events

VM Operations (0 events):
No events

Events (0 events):
No events


Dynamic libraries:
0x00007ff781ad0000 - 0x00007ff781ae0000 	C:\Program Files\Java\jdk-19\bin\java.exe
0x00007ffb25950000 - 0x00007ffb25b48000 	C:\WINDOWS\SYSTEM32\ntdll.dll
0x00007ffb239e0000 - 0x00007ffb23aa2000 	C:\WINDOWS\System32\KERNEL32.DLL
0x00007ffb232e0000 - 0x00007ffb235df000 	C:\WINDOWS\System32\KERNELBASE.dll
0x00007ffb230d0000 - 0x00007ffb231d0000 	C:\WINDOWS\System32\ucrtbase.dll
0x00007ffb060b0000 - 0x00007ffb060c8000 	C:\Program Files\Java\jdk-19\bin\jli.dll
0x00007ffb1b760000 - 0x00007ffb1b77b000 	C:\Program Files\Java\jdk-19\bin\VCRUNTIME140.dll
0x00007ffb246d0000 - 0x00007ffb2477f000 	C:\WINDOWS\System32\ADVAPI32.dll
0x00007ffb25200000 - 0x00007ffb2529e000 	C:\WINDOWS\System32\msvcrt.dll
0x00007ffb24810000 - 0x00007ffb248af000 	C:\WINDOWS\System32\sechost.dll
0x00007ffb24510000 - 0x00007ffb24633000 	C:\WINDOWS\System32\RPCRT4.dll
0x00007ffb22ff0000 - 0x00007ffb23017000 	C:\WINDOWS\System32\bcrypt.dll
0x00007ffb24920000 - 0x00007ffb24abd000 	C:\WINDOWS\System32\USER32.dll
0x00007ffb231d0000 - 0x00007ffb231f2000 	C:\WINDOWS\System32\win32u.dll
0x00007ffb177e0000 - 0x00007ffb17a7a000 	C:\WINDOWS\WinSxS\amd64_microsoft.windows.common-controls_6595b64144ccf1df_6.0.19041.4355_none_60b8b9eb71f62e16\COMCTL32.dll
0x00007ffb24480000 - 0x00007ffb244ab000 	C:\WINDOWS\System32\GDI32.dll
0x00007ffb23680000 - 0x00007ffb2379a000 	C:\WINDOWS\System32\gdi32full.dll
0x00007ffb235e0000 - 0x00007ffb2367d000 	C:\WINDOWS\System32\msvcp_win.dll
0x00007ffb17f20000 - 0x00007ffb17f2a000 	C:\WINDOWS\SYSTEM32\VERSION.dll
0x00007ffb250a0000 - 0x00007ffb250cf000 	C:\WINDOWS\System32\IMM32.DLL
0x00007ffb1fce0000 - 0x00007ffb1fcec000 	C:\Program Files\Java\jdk-19\bin\vcruntime140_1.dll
0x00007ffafe320000 - 0x00007ffafe3ae000 	C:\Program Files\Java\jdk-19\bin\msvcp140.dll
0x00007ffac2600000 - 0x00007ffac32c0000 	C:\Program Files\Java\jdk-19\bin\server\jvm.dll
0x00007ffb15f00000 - 0x00007ffb15f27000 	C:\WINDOWS\SYSTEM32\WINMM.dll
0x00007ffb20400000 - 0x00007ffb20409000 	C:\WINDOWS\SYSTEM32\WSOCK32.dll
0x00007ffb248b0000 - 0x00007ffb2491b000 	C:\WINDOWS\System32\ws2_32.DLL
0x00007ffb20e90000 - 0x00007ffb20ea2000 	C:\WINDOWS\SYSTEM32\kernel.appcore.dll
0x00007ffb1fcc0000 - 0x00007ffb1fcca000 	C:\Program Files\Java\jdk-19\bin\jimage.dll
0x00007ffb11a10000 - 0x00007ffb11bf4000 	C:\WINDOWS\SYSTEM32\DBGHELP.DLL
0x00007ffb11140000 - 0x00007ffb11174000 	C:\WINDOWS\SYSTEM32\dbgcore.DLL
0x00007ffb23250000 - 0x00007ffb232d2000 	C:\WINDOWS\System32\bcryptPrimitives.dll
0x00007ffb195b0000 - 0x00007ffb195d6000 	C:\Program Files\Java\jdk-19\bin\java.dll

dbghelp: loaded successfully - version: 4.0.5 - missing functions: none
symbol engine: initialized successfully - sym options: 0x614 - pdb path: .;C:\Program Files\Java\jdk-19\bin;C:\WINDOWS\SYSTEM32;C:\WINDOWS\WinSxS\amd64_microsoft.windows.common-controls_6595b64144ccf1df_6.0.19041.4355_none_60b8b9eb71f62e16;C:\Program Files\Java\jdk-19\bin\server

VM Arguments:
jvm_args: -Dfile.encoding=UTF-8 --module-path=C:\Users\1\OneDrive\Documents\NetBeansProjects\ProyectoClientes-Escritorio-Back-end\build\classes 
java_command: proyectoclientes.escritorio.Main
java_class_path (initial): C:\Users\1\Downloads\mysql-connector-j-9.2.0\mysql-connector-j-9.2.0.jar;C:\Users\1\OneDrive\Documents\NetBeansProjects\ProyectoClientes-Escritorio-Back-end\build\classes
Launcher Type: SUN_STANDARD

[Global flags]
     intx CICompilerCount                          = 3                                         {product} {ergonomic}
     uint ConcGCThreads                            = 1                                         {product} {ergonomic}
     uint G1ConcRefinementThreads                  = 4                                         {product} {ergonomic}
   size_t G1HeapRegionSize                         = 1048576                                   {product} {ergonomic}
    uintx GCDrainStackTargetSize                   = 64                                        {product} {ergonomic}
   size_t InitialHeapSize                          = 134217728                                 {product} {ergonomic}
   size_t MarkStackSize                            = 4194304                                   {product} {ergonomic}
   size_t MaxHeapSize                              = 2120220672                                {product} {ergonomic}
   size_t MinHeapDeltaBytes                        = 1048576                                   {product} {ergonomic}
   size_t MinHeapSize                              = 8388608                                   {product} {ergonomic}
    uintx NonNMethodCodeHeapSize                   = 5832780                                {pd product} {ergonomic}
    uintx NonProfiledCodeHeapSize                  = 122912730                              {pd product} {ergonomic}
    uintx ProfiledCodeHeapSize                     = 122912730                              {pd product} {ergonomic}
    uintx ReservedCodeCacheSize                    = 251658240                              {pd product} {ergonomic}
     bool SegmentedCodeCache                       = true                                      {product} {ergonomic}
   size_t SoftMaxHeapSize                          = 2120220672                             {manageable} {ergonomic}
     bool UseCompressedClassPointers               = true                           {product lp64_product} {ergonomic}
     bool UseCompressedOops                        = true                           {product lp64_product} {ergonomic}
     bool UseG1GC                                  = true                                      {product} {ergonomic}
     bool UseLargePagesIndividualAllocation        = false                                  {pd product} {ergonomic}

Logging:
Log output configuration:
 #0: stdout all=warning uptime,level,tags foldmultilines=false
 #1: stderr all=off uptime,level,tags foldmultilines=false

Environment Variables:
JAVA_HOME=C:\Program Files\Java\jdk-19
PATH=C:\Program Files\Common Files\Oracle\Java\javapath;C:\WINDOWS\system32;C:\WINDOWS;C:\WINDOWS\System32\Wbem;C:\WINDOWS\System32\WindowsPowerShell\v1.0\;C:\WINDOWS\System32\OpenSSH\;C:\Program Files\Git\cmd;C:\ProgramData\chocolatey\bin;C:\Program Files\nodejs\;C:\Users\1\AppData\Local\Programs\Python\Python311\Scripts\;C:\Users\1\AppData\Local\Programs\Python\Python311\;C:\Program Files\MySQL\MySQL Shell 8.0\bin\;C:\Users\1\AppData\Local\Microsoft\WindowsApps;C:\Users\1\AppData\Local\Programs\Microsoft VS Code\bin;C:\Users\1\AppData\Roaming\npm;
USERNAME=1
OS=Windows_NT
PROCESSOR_IDENTIFIER=Intel64 Family 6 Model 60 Stepping 3, GenuineIntel
TMP=C:\Users\1\AppData\Local\Temp
TEMP=C:\Users\1\AppData\Local\Temp



---------------  S Y S T E M  ---------------

OS:
 Windows 10 , 64 bit Build 19041 (10.0.19041.5438)
OS uptime: 1 days 18:09 hours

CPU: total 4 (initial active 4) (4 cores per cpu, 1 threads per core) family 6 model 60 stepping 3 microcode 0x27, cx8, cmov, fxsr, mmx, sse, sse2, sse3, ssse3, sse4.1, sse4.2, popcnt, lzcnt, tsc, tscinvbit, avx, avx2, aes, erms, clmul, bmi1, bmi2, fma, vzeroupper, clflush, rdtscp

Memory: 4k page, system-wide physical 8082M (2291M free)
TotalPageFile size 10130M (AvailPageFile size 5M)
current process WorkingSet (physical memory assigned to process): 10M, peak: 10M
current process commit charge ("private bytes"): 49M, peak: 50M

vm_info: Java HotSpot(TM) 64-Bit Server VM (19.0.2+7-44) for windows-amd64 JRE (19.0.2+7-44), built on 2022-11-30T18:02:09Z by "mach5one" with MS VC++ 17.1 (VS2022)

END.
