#
# There is insufficient memory for the Java Runtime Environment to continue.
# Native memory allocation (malloc) failed to allocate 370320 bytes for Chunk::new
# Possible reasons:
#   The system is out of physical RAM or swap space
#   The process is running with CompressedOops enabled, and the Java Heap may be blocking the growth of the native heap
# Possible solutions:
#   Reduce memory load on the system
#   Increase physical memory or swap space
#   Check if swap backing store is full
#   Decrease Java heap size (-Xmx/-Xms)
#   Decrease number of Java threads
#   Decrease Java thread stack sizes (-Xss)
#   Set larger code cache with -XX:ReservedCodeCacheSize=
#   JVM is running with Unscaled Compressed Oops mode in which the Java heap is
#     placed in the first 4GB address space. The Java Heap base address is the
#     maximum limit for the native heap growth. Please use -XX:HeapBaseMinAddress
#     to set the Java Heap base and to place the Java Heap above 4GB virtual address.
# This output file may be truncated or incomplete.
#
#  Out of Memory Error (arena.cpp:184), pid=13396, tid=8140
#
# JRE version: Java(TM) SE Runtime Environment (19.0.2+7) (build 19.0.2+7-44)
# Java VM: Java HotSpot(TM) 64-Bit Server VM (19.0.2+7-44, mixed mode, sharing, tiered, compressed oops, compressed class ptrs, g1 gc, windows-amd64)
# No core dump will be written. Minidumps are not enabled by default on client versions of Windows
#

---------------  S U M M A R Y ------------

Command Line: -Dfile.encoding=UTF-8 --module-path=C:\Users\1\OneDrive\Documents\NetBeansProjects\ProyectoClientes-Escritorio\build\classes proyectoclientes.escritorio.Main

Host: Intel(R) Core(TM) i5-4590 CPU @ 3.30GHz, 4 cores, 7G,  Windows 10 , 64 bit Build 19041 (10.0.19041.5438)
Time: Sat Mar 15 13:41:37 2025 Hora est. Pacífico, Sudamérica elapsed time: 42.377913 seconds (0d 0h 0m 42s)

---------------  T H R E A D  ---------------

Current thread (0x0000021006381ee0):  JavaThread "C2 CompilerThread1" daemon [_thread_in_native, id=8140, stack(0x00000032cdc00000,0x00000032cdd00000)]


Current CompileTask:
C2:  42377  449       4       java.util.Properties::loadConvert (540 bytes)

Stack: [0x00000032cdc00000,0x00000032cdd00000]
Native frames: (J=compiled Java code, j=interpreted, Vv=VM code, C=native code)
V  [jvm.dll+0x6ee21a]
V  [jvm.dll+0x85765e]
V  [jvm.dll+0x85904e]
V  [jvm.dll+0x859703]
V  [jvm.dll+0x28298f]
V  [jvm.dll+0xc9adf]
V  [jvm.dll+0xc9e65]
V  [jvm.dll+0x3bca4c]
V  [jvm.dll+0x3860e1]
V  [jvm.dll+0x38555a]
V  [jvm.dll+0x24c3d9]
V  [jvm.dll+0x24b781]
V  [jvm.dll+0x1d6ce1]
V  [jvm.dll+0x25b25a]
V  [jvm.dll+0x2596e8]
V  [jvm.dll+0x807588]
V  [jvm.dll+0x80125a]
V  [jvm.dll+0x6ecf0b]
C  [ucrtbase.dll+0x21bb2]
C  [KERNEL32.DLL+0x17374]
C  [ntdll.dll+0x4cc91]


---------------  P R O C E S S  ---------------

Threads class SMR info:
_java_thread_list=0x00000210061cba60, length=14, elements={
0x0000021061ff3ba0, 0x000002107feb6380, 0x000002107feb7e60, 0x000002107feba270,
0x000002107febad40, 0x000002107febbe10, 0x000002107febd1c0, 0x000002107fec66f0,
0x000002107fec48f0, 0x000002107feeae30, 0x0000021006209670, 0x00000210062531d0,
0x0000021006334f10, 0x0000021006381ee0
}

Java Threads: ( => current thread )
  0x0000021061ff3ba0 JavaThread "main" [_thread_in_vm, id=12160, stack(0x00000032cc800000,0x00000032cc900000)]
  0x000002107feb6380 JavaThread "Reference Handler" daemon [_thread_blocked, id=11672, stack(0x00000032ccf00000,0x00000032cd000000)]
  0x000002107feb7e60 JavaThread "Finalizer" daemon [_thread_blocked, id=13148, stack(0x00000032cd000000,0x00000032cd100000)]
  0x000002107feba270 JavaThread "Signal Dispatcher" daemon [_thread_blocked, id=12032, stack(0x00000032cd100000,0x00000032cd200000)]
  0x000002107febad40 JavaThread "Attach Listener" daemon [_thread_blocked, id=2872, stack(0x00000032cd200000,0x00000032cd300000)]
  0x000002107febbe10 JavaThread "Service Thread" daemon [_thread_blocked, id=5248, stack(0x00000032cd300000,0x00000032cd400000)]
  0x000002107febd1c0 JavaThread "Monitor Deflation Thread" daemon [_thread_blocked, id=1700, stack(0x00000032cd400000,0x00000032cd500000)]
  0x000002107fec66f0 JavaThread "C2 CompilerThread0" daemon [_thread_in_native, id=12628, stack(0x00000032cd500000,0x00000032cd600000)]
  0x000002107fec48f0 JavaThread "C1 CompilerThread0" daemon [_thread_in_native, id=2892, stack(0x00000032cd600000,0x00000032cd700000)]
  0x000002107feeae30 JavaThread "Sweeper thread" daemon [_thread_blocked, id=15196, stack(0x00000032cd700000,0x00000032cd800000)]
  0x0000021006209670 JavaThread "Common-Cleaner" daemon [_thread_blocked, id=13720, stack(0x00000032cd800000,0x00000032cd900000)]
  0x00000210062531d0 JavaThread "Notification Thread" daemon [_thread_blocked, id=9844, stack(0x00000032cd900000,0x00000032cda00000)]
  0x0000021006334f10 JavaThread "mysql-cj-abandoned-connection-cleanup" daemon [_thread_blocked, id=4896, stack(0x00000032cdb00000,0x00000032cdc00000)]
=>0x0000021006381ee0 JavaThread "C2 CompilerThread1" daemon [_thread_in_native, id=8140, stack(0x00000032cdc00000,0x00000032cdd00000)]

Other Threads:
  0x000002107fe99cd0 VMThread "VM Thread" [stack: 0x00000032cce00000,0x00000032ccf00000] [id=12060]
  0x0000021006253710 WatcherThread "VM Periodic Task Thread" [stack: 0x00000032cda00000,0x00000032cdb00000] [id=13952]
  0x0000021062052330 WorkerThread "GC Thread#0" [stack: 0x00000032cc900000,0x00000032cca00000] [id=11072]
  0x0000021062063f10 ConcurrentGCThread "G1 Main Marker" [stack: 0x00000032cca00000,0x00000032ccb00000] [id=12632]
  0x0000021062064ef0 WorkerThread "G1 Conc#0" [stack: 0x00000032ccb00000,0x00000032ccc00000] [id=11488]
  0x000002107fd580e0 ConcurrentGCThread "G1 Refine#0" [stack: 0x00000032ccc00000,0x00000032ccd00000] [id=6924]
  0x000002107fd588d0 ConcurrentGCThread "G1 Service" [stack: 0x00000032ccd00000,0x00000032cce00000] [id=4672]

Threads with active compile tasks:
C2 CompilerThread0    42409  543 %     4       java.text.MessageFormat::applyPattern @ 34 (422 bytes)
C1 CompilerThread0    42409  561   !   3       java.util.zip.InflaterInputStream::read (122 bytes)
C2 CompilerThread1    42409  449       4       java.util.Properties::loadConvert (540 bytes)

VM state: not at safepoint (normal execution)

VM Mutex/Monitor currently owned by a thread: None

Heap address: 0x0000000081a00000, size: 2022 MB, Compressed Oops mode: 32-bit

CDS archive(s) mapped at: [0x0000000800000000-0x0000000800c40000-0x0000000800c40000), size 12845056, SharedBaseAddress: 0x0000000800000000, ArchiveRelocationMode: 0.
Compressed class space mapped at: 0x0000000801000000-0x0000000841000000, reserved size: 1073741824
Narrow klass base: 0x0000000800000000, Narrow klass shift: 0, Narrow klass range: 0x100000000

GC Precious Log:
 CardTable entry size: 512
 Card Set container configuration: InlinePtr #cards 5 size 8 Array Of Cards #cards 12 size 40 Howl #buckets 4 coarsen threshold 1843 Howl Bitmap #cards 512 size 80 coarsen threshold 460 Card regions per heap region 1 cards per card region 2048
 CPUs: 4 total, 4 available
 Memory: 8082M
 Large Page Support: Disabled
 NUMA Support: Disabled
 Compressed Oops: Enabled (32-bit)
 Heap Region Size: 1M
 Heap Min Capacity: 8M
 Heap Initial Capacity: 128M
 Heap Max Capacity: 2022M
 Pre-touch: Disabled
 Parallel Workers: 4
 Concurrent Workers: 1
 Concurrent Refinement Workers: 4
 Periodic GC: Disabled

Heap:
 garbage-first heap   total 131072K, used 7168K [0x0000000081a00000, 0x0000000100000000)
  region size 1024K, 8 young (8192K), 0 survivors (0K)
 Metaspace       used 2499K, committed 2624K, reserved 1114112K
  class space    used 208K, committed 256K, reserved 1048576K

Heap Regions: E=young(eden), S=young(survivor), O=old, HS=humongous(starts), HC=humongous(continues), CS=collection set, F=free, OA=open archive, CA=closed archive, TAMS=top-at-mark-start (previous, next)
|   0|0x0000000081a00000, 0x0000000081a00000, 0x0000000081b00000|  0%| F|  |TAMS 0x0000000081a00000, 0x0000000081a00000| Untracked 
|   1|0x0000000081b00000, 0x0000000081b00000, 0x0000000081c00000|  0%| F|  |TAMS 0x0000000081b00000, 0x0000000081b00000| Untracked 
|   2|0x0000000081c00000, 0x0000000081c00000, 0x0000000081d00000|  0%| F|  |TAMS 0x0000000081c00000, 0x0000000081c00000| Untracked 
|   3|0x0000000081d00000, 0x0000000081d00000, 0x0000000081e00000|  0%| F|  |TAMS 0x0000000081d00000, 0x0000000081d00000| Untracked 
|   4|0x0000000081e00000, 0x0000000081e00000, 0x0000000081f00000|  0%| F|  |TAMS 0x0000000081e00000, 0x0000000081e00000| Untracked 
|   5|0x0000000081f00000, 0x0000000081f00000, 0x0000000082000000|  0%| F|  |TAMS 0x0000000081f00000, 0x0000000081f00000| Untracked 
|   6|0x0000000082000000, 0x0000000082000000, 0x0000000082100000|  0%| F|  |TAMS 0x0000000082000000, 0x0000000082000000| Untracked 
|   7|0x0000000082100000, 0x0000000082100000, 0x0000000082200000|  0%| F|  |TAMS 0x0000000082100000, 0x0000000082100000| Untracked 
|   8|0x0000000082200000, 0x0000000082200000, 0x0000000082300000|  0%| F|  |TAMS 0x0000000082200000, 0x0000000082200000| Untracked 
|   9|0x0000000082300000, 0x0000000082300000, 0x0000000082400000|  0%| F|  |TAMS 0x0000000082300000, 0x0000000082300000| Untracked 
|  10|0x0000000082400000, 0x0000000082400000, 0x0000000082500000|  0%| F|  |TAMS 0x0000000082400000, 0x0000000082400000| Untracked 
|  11|0x0000000082500000, 0x0000000082500000, 0x0000000082600000|  0%| F|  |TAMS 0x0000000082500000, 0x0000000082500000| Untracked 
|  12|0x0000000082600000, 0x0000000082600000, 0x0000000082700000|  0%| F|  |TAMS 0x0000000082600000, 0x0000000082600000| Untracked 
|  13|0x0000000082700000, 0x0000000082700000, 0x0000000082800000|  0%| F|  |TAMS 0x0000000082700000, 0x0000000082700000| Untracked 
|  14|0x0000000082800000, 0x0000000082800000, 0x0000000082900000|  0%| F|  |TAMS 0x0000000082800000, 0x0000000082800000| Untracked 
|  15|0x0000000082900000, 0x0000000082900000, 0x0000000082a00000|  0%| F|  |TAMS 0x0000000082900000, 0x0000000082900000| Untracked 
|  16|0x0000000082a00000, 0x0000000082a00000, 0x0000000082b00000|  0%| F|  |TAMS 0x0000000082a00000, 0x0000000082a00000| Untracked 
|  17|0x0000000082b00000, 0x0000000082b00000, 0x0000000082c00000|  0%| F|  |TAMS 0x0000000082b00000, 0x0000000082b00000| Untracked 
|  18|0x0000000082c00000, 0x0000000082c00000, 0x0000000082d00000|  0%| F|  |TAMS 0x0000000082c00000, 0x0000000082c00000| Untracked 
|  19|0x0000000082d00000, 0x0000000082d00000, 0x0000000082e00000|  0%| F|  |TAMS 0x0000000082d00000, 0x0000000082d00000| Untracked 
|  20|0x0000000082e00000, 0x0000000082e00000, 0x0000000082f00000|  0%| F|  |TAMS 0x0000000082e00000, 0x0000000082e00000| Untracked 
|  21|0x0000000082f00000, 0x0000000082f00000, 0x0000000083000000|  0%| F|  |TAMS 0x0000000082f00000, 0x0000000082f00000| Untracked 
|  22|0x0000000083000000, 0x0000000083000000, 0x0000000083100000|  0%| F|  |TAMS 0x0000000083000000, 0x0000000083000000| Untracked 
|  23|0x0000000083100000, 0x0000000083100000, 0x0000000083200000|  0%| F|  |TAMS 0x0000000083100000, 0x0000000083100000| Untracked 
|  24|0x0000000083200000, 0x0000000083200000, 0x0000000083300000|  0%| F|  |TAMS 0x0000000083200000, 0x0000000083200000| Untracked 
|  25|0x0000000083300000, 0x0000000083300000, 0x0000000083400000|  0%| F|  |TAMS 0x0000000083300000, 0x0000000083300000| Untracked 
|  26|0x0000000083400000, 0x0000000083400000, 0x0000000083500000|  0%| F|  |TAMS 0x0000000083400000, 0x0000000083400000| Untracked 
|  27|0x0000000083500000, 0x0000000083500000, 0x0000000083600000|  0%| F|  |TAMS 0x0000000083500000, 0x0000000083500000| Untracked 
|  28|0x0000000083600000, 0x0000000083600000, 0x0000000083700000|  0%| F|  |TAMS 0x0000000083600000, 0x0000000083600000| Untracked 
|  29|0x0000000083700000, 0x0000000083700000, 0x0000000083800000|  0%| F|  |TAMS 0x0000000083700000, 0x0000000083700000| Untracked 
|  30|0x0000000083800000, 0x0000000083800000, 0x0000000083900000|  0%| F|  |TAMS 0x0000000083800000, 0x0000000083800000| Untracked 
|  31|0x0000000083900000, 0x0000000083900000, 0x0000000083a00000|  0%| F|  |TAMS 0x0000000083900000, 0x0000000083900000| Untracked 
|  32|0x0000000083a00000, 0x0000000083a00000, 0x0000000083b00000|  0%| F|  |TAMS 0x0000000083a00000, 0x0000000083a00000| Untracked 
|  33|0x0000000083b00000, 0x0000000083b00000, 0x0000000083c00000|  0%| F|  |TAMS 0x0000000083b00000, 0x0000000083b00000| Untracked 
|  34|0x0000000083c00000, 0x0000000083c00000, 0x0000000083d00000|  0%| F|  |TAMS 0x0000000083c00000, 0x0000000083c00000| Untracked 
|  35|0x0000000083d00000, 0x0000000083d00000, 0x0000000083e00000|  0%| F|  |TAMS 0x0000000083d00000, 0x0000000083d00000| Untracked 
|  36|0x0000000083e00000, 0x0000000083e00000, 0x0000000083f00000|  0%| F|  |TAMS 0x0000000083e00000, 0x0000000083e00000| Untracked 
|  37|0x0000000083f00000, 0x0000000083f00000, 0x0000000084000000|  0%| F|  |TAMS 0x0000000083f00000, 0x0000000083f00000| Untracked 
|  38|0x0000000084000000, 0x0000000084000000, 0x0000000084100000|  0%| F|  |TAMS 0x0000000084000000, 0x0000000084000000| Untracked 
|  39|0x0000000084100000, 0x0000000084100000, 0x0000000084200000|  0%| F|  |TAMS 0x0000000084100000, 0x0000000084100000| Untracked 
|  40|0x0000000084200000, 0x0000000084200000, 0x0000000084300000|  0%| F|  |TAMS 0x0000000084200000, 0x0000000084200000| Untracked 
|  41|0x0000000084300000, 0x0000000084300000, 0x0000000084400000|  0%| F|  |TAMS 0x0000000084300000, 0x0000000084300000| Untracked 
|  42|0x0000000084400000, 0x0000000084400000, 0x0000000084500000|  0%| F|  |TAMS 0x0000000084400000, 0x0000000084400000| Untracked 
|  43|0x0000000084500000, 0x0000000084500000, 0x0000000084600000|  0%| F|  |TAMS 0x0000000084500000, 0x0000000084500000| Untracked 
|  44|0x0000000084600000, 0x0000000084600000, 0x0000000084700000|  0%| F|  |TAMS 0x0000000084600000, 0x0000000084600000| Untracked 
|  45|0x0000000084700000, 0x0000000084700000, 0x0000000084800000|  0%| F|  |TAMS 0x0000000084700000, 0x0000000084700000| Untracked 
|  46|0x0000000084800000, 0x0000000084800000, 0x0000000084900000|  0%| F|  |TAMS 0x0000000084800000, 0x0000000084800000| Untracked 
|  47|0x0000000084900000, 0x0000000084900000, 0x0000000084a00000|  0%| F|  |TAMS 0x0000000084900000, 0x0000000084900000| Untracked 
|  48|0x0000000084a00000, 0x0000000084a00000, 0x0000000084b00000|  0%| F|  |TAMS 0x0000000084a00000, 0x0000000084a00000| Untracked 
|  49|0x0000000084b00000, 0x0000000084b00000, 0x0000000084c00000|  0%| F|  |TAMS 0x0000000084b00000, 0x0000000084b00000| Untracked 
|  50|0x0000000084c00000, 0x0000000084c00000, 0x0000000084d00000|  0%| F|  |TAMS 0x0000000084c00000, 0x0000000084c00000| Untracked 
|  51|0x0000000084d00000, 0x0000000084d00000, 0x0000000084e00000|  0%| F|  |TAMS 0x0000000084d00000, 0x0000000084d00000| Untracked 
|  52|0x0000000084e00000, 0x0000000084e00000, 0x0000000084f00000|  0%| F|  |TAMS 0x0000000084e00000, 0x0000000084e00000| Untracked 
|  53|0x0000000084f00000, 0x0000000084f00000, 0x0000000085000000|  0%| F|  |TAMS 0x0000000084f00000, 0x0000000084f00000| Untracked 
|  54|0x0000000085000000, 0x0000000085000000, 0x0000000085100000|  0%| F|  |TAMS 0x0000000085000000, 0x0000000085000000| Untracked 
|  55|0x0000000085100000, 0x0000000085100000, 0x0000000085200000|  0%| F|  |TAMS 0x0000000085100000, 0x0000000085100000| Untracked 
|  56|0x0000000085200000, 0x0000000085200000, 0x0000000085300000|  0%| F|  |TAMS 0x0000000085200000, 0x0000000085200000| Untracked 
|  57|0x0000000085300000, 0x0000000085300000, 0x0000000085400000|  0%| F|  |TAMS 0x0000000085300000, 0x0000000085300000| Untracked 
|  58|0x0000000085400000, 0x0000000085400000, 0x0000000085500000|  0%| F|  |TAMS 0x0000000085400000, 0x0000000085400000| Untracked 
|  59|0x0000000085500000, 0x0000000085500000, 0x0000000085600000|  0%| F|  |TAMS 0x0000000085500000, 0x0000000085500000| Untracked 
|  60|0x0000000085600000, 0x0000000085600000, 0x0000000085700000|  0%| F|  |TAMS 0x0000000085600000, 0x0000000085600000| Untracked 
|  61|0x0000000085700000, 0x0000000085700000, 0x0000000085800000|  0%| F|  |TAMS 0x0000000085700000, 0x0000000085700000| Untracked 
|  62|0x0000000085800000, 0x0000000085800000, 0x0000000085900000|  0%| F|  |TAMS 0x0000000085800000, 0x0000000085800000| Untracked 
|  63|0x0000000085900000, 0x0000000085900000, 0x0000000085a00000|  0%| F|  |TAMS 0x0000000085900000, 0x0000000085900000| Untracked 
|  64|0x0000000085a00000, 0x0000000085a00000, 0x0000000085b00000|  0%| F|  |TAMS 0x0000000085a00000, 0x0000000085a00000| Untracked 
|  65|0x0000000085b00000, 0x0000000085b00000, 0x0000000085c00000|  0%| F|  |TAMS 0x0000000085b00000, 0x0000000085b00000| Untracked 
|  66|0x0000000085c00000, 0x0000000085c00000, 0x0000000085d00000|  0%| F|  |TAMS 0x0000000085c00000, 0x0000000085c00000| Untracked 
|  67|0x0000000085d00000, 0x0000000085d00000, 0x0000000085e00000|  0%| F|  |TAMS 0x0000000085d00000, 0x0000000085d00000| Untracked 
|  68|0x0000000085e00000, 0x0000000085e00000, 0x0000000085f00000|  0%| F|  |TAMS 0x0000000085e00000, 0x0000000085e00000| Untracked 
|  69|0x0000000085f00000, 0x0000000085f00000, 0x0000000086000000|  0%| F|  |TAMS 0x0000000085f00000, 0x0000000085f00000| Untracked 
|  70|0x0000000086000000, 0x0000000086000000, 0x0000000086100000|  0%| F|  |TAMS 0x0000000086000000, 0x0000000086000000| Untracked 
|  71|0x0000000086100000, 0x0000000086100000, 0x0000000086200000|  0%| F|  |TAMS 0x0000000086100000, 0x0000000086100000| Untracked 
|  72|0x0000000086200000, 0x0000000086200000, 0x0000000086300000|  0%| F|  |TAMS 0x0000000086200000, 0x0000000086200000| Untracked 
|  73|0x0000000086300000, 0x0000000086300000, 0x0000000086400000|  0%| F|  |TAMS 0x0000000086300000, 0x0000000086300000| Untracked 
|  74|0x0000000086400000, 0x0000000086400000, 0x0000000086500000|  0%| F|  |TAMS 0x0000000086400000, 0x0000000086400000| Untracked 
|  75|0x0000000086500000, 0x0000000086500000, 0x0000000086600000|  0%| F|  |TAMS 0x0000000086500000, 0x0000000086500000| Untracked 
|  76|0x0000000086600000, 0x0000000086600000, 0x0000000086700000|  0%| F|  |TAMS 0x0000000086600000, 0x0000000086600000| Untracked 
|  77|0x0000000086700000, 0x0000000086700000, 0x0000000086800000|  0%| F|  |TAMS 0x0000000086700000, 0x0000000086700000| Untracked 
|  78|0x0000000086800000, 0x0000000086800000, 0x0000000086900000|  0%| F|  |TAMS 0x0000000086800000, 0x0000000086800000| Untracked 
|  79|0x0000000086900000, 0x0000000086900000, 0x0000000086a00000|  0%| F|  |TAMS 0x0000000086900000, 0x0000000086900000| Untracked 
|  80|0x0000000086a00000, 0x0000000086a00000, 0x0000000086b00000|  0%| F|  |TAMS 0x0000000086a00000, 0x0000000086a00000| Untracked 
|  81|0x0000000086b00000, 0x0000000086b00000, 0x0000000086c00000|  0%| F|  |TAMS 0x0000000086b00000, 0x0000000086b00000| Untracked 
|  82|0x0000000086c00000, 0x0000000086c00000, 0x0000000086d00000|  0%| F|  |TAMS 0x0000000086c00000, 0x0000000086c00000| Untracked 
|  83|0x0000000086d00000, 0x0000000086d00000, 0x0000000086e00000|  0%| F|  |TAMS 0x0000000086d00000, 0x0000000086d00000| Untracked 
|  84|0x0000000086e00000, 0x0000000086e00000, 0x0000000086f00000|  0%| F|  |TAMS 0x0000000086e00000, 0x0000000086e00000| Untracked 
|  85|0x0000000086f00000, 0x0000000086f00000, 0x0000000087000000|  0%| F|  |TAMS 0x0000000086f00000, 0x0000000086f00000| Untracked 
|  86|0x0000000087000000, 0x0000000087000000, 0x0000000087100000|  0%| F|  |TAMS 0x0000000087000000, 0x0000000087000000| Untracked 
|  87|0x0000000087100000, 0x0000000087100000, 0x0000000087200000|  0%| F|  |TAMS 0x0000000087100000, 0x0000000087100000| Untracked 
|  88|0x0000000087200000, 0x0000000087200000, 0x0000000087300000|  0%| F|  |TAMS 0x0000000087200000, 0x0000000087200000| Untracked 
|  89|0x0000000087300000, 0x0000000087300000, 0x0000000087400000|  0%| F|  |TAMS 0x0000000087300000, 0x0000000087300000| Untracked 
|  90|0x0000000087400000, 0x0000000087400000, 0x0000000087500000|  0%| F|  |TAMS 0x0000000087400000, 0x0000000087400000| Untracked 
|  91|0x0000000087500000, 0x0000000087500000, 0x0000000087600000|  0%| F|  |TAMS 0x0000000087500000, 0x0000000087500000| Untracked 
|  92|0x0000000087600000, 0x0000000087600000, 0x0000000087700000|  0%| F|  |TAMS 0x0000000087600000, 0x0000000087600000| Untracked 
|  93|0x0000000087700000, 0x0000000087700000, 0x0000000087800000|  0%| F|  |TAMS 0x0000000087700000, 0x0000000087700000| Untracked 
|  94|0x0000000087800000, 0x0000000087800000, 0x0000000087900000|  0%| F|  |TAMS 0x0000000087800000, 0x0000000087800000| Untracked 
|  95|0x0000000087900000, 0x0000000087900000, 0x0000000087a00000|  0%| F|  |TAMS 0x0000000087900000, 0x0000000087900000| Untracked 
|  96|0x0000000087a00000, 0x0000000087a00000, 0x0000000087b00000|  0%| F|  |TAMS 0x0000000087a00000, 0x0000000087a00000| Untracked 
|  97|0x0000000087b00000, 0x0000000087b00000, 0x0000000087c00000|  0%| F|  |TAMS 0x0000000087b00000, 0x0000000087b00000| Untracked 
|  98|0x0000000087c00000, 0x0000000087c00000, 0x0000000087d00000|  0%| F|  |TAMS 0x0000000087c00000, 0x0000000087c00000| Untracked 
|  99|0x0000000087d00000, 0x0000000087d00000, 0x0000000087e00000|  0%| F|  |TAMS 0x0000000087d00000, 0x0000000087d00000| Untracked 
| 100|0x0000000087e00000, 0x0000000087e00000, 0x0000000087f00000|  0%| F|  |TAMS 0x0000000087e00000, 0x0000000087e00000| Untracked 
| 101|0x0000000087f00000, 0x0000000087f00000, 0x0000000088000000|  0%| F|  |TAMS 0x0000000087f00000, 0x0000000087f00000| Untracked 
| 102|0x0000000088000000, 0x0000000088000000, 0x0000000088100000|  0%| F|  |TAMS 0x0000000088000000, 0x0000000088000000| Untracked 
| 103|0x0000000088100000, 0x0000000088100000, 0x0000000088200000|  0%| F|  |TAMS 0x0000000088100000, 0x0000000088100000| Untracked 
| 104|0x0000000088200000, 0x0000000088200000, 0x0000000088300000|  0%| F|  |TAMS 0x0000000088200000, 0x0000000088200000| Untracked 
| 105|0x0000000088300000, 0x0000000088300000, 0x0000000088400000|  0%| F|  |TAMS 0x0000000088300000, 0x0000000088300000| Untracked 
| 106|0x0000000088400000, 0x0000000088400000, 0x0000000088500000|  0%| F|  |TAMS 0x0000000088400000, 0x0000000088400000| Untracked 
| 107|0x0000000088500000, 0x0000000088500000, 0x0000000088600000|  0%| F|  |TAMS 0x0000000088500000, 0x0000000088500000| Untracked 
| 108|0x0000000088600000, 0x0000000088600000, 0x0000000088700000|  0%| F|  |TAMS 0x0000000088600000, 0x0000000088600000| Untracked 
| 109|0x0000000088700000, 0x0000000088700000, 0x0000000088800000|  0%| F|  |TAMS 0x0000000088700000, 0x0000000088700000| Untracked 
| 110|0x0000000088800000, 0x0000000088800000, 0x0000000088900000|  0%| F|  |TAMS 0x0000000088800000, 0x0000000088800000| Untracked 
| 111|0x0000000088900000, 0x0000000088900000, 0x0000000088a00000|  0%| F|  |TAMS 0x0000000088900000, 0x0000000088900000| Untracked 
| 112|0x0000000088a00000, 0x0000000088a00000, 0x0000000088b00000|  0%| F|  |TAMS 0x0000000088a00000, 0x0000000088a00000| Untracked 
| 113|0x0000000088b00000, 0x0000000088b00000, 0x0000000088c00000|  0%| F|  |TAMS 0x0000000088b00000, 0x0000000088b00000| Untracked 
| 114|0x0000000088c00000, 0x0000000088c00000, 0x0000000088d00000|  0%| F|  |TAMS 0x0000000088c00000, 0x0000000088c00000| Untracked 
| 115|0x0000000088d00000, 0x0000000088d00000, 0x0000000088e00000|  0%| F|  |TAMS 0x0000000088d00000, 0x0000000088d00000| Untracked 
| 116|0x0000000088e00000, 0x0000000088e00000, 0x0000000088f00000|  0%| F|  |TAMS 0x0000000088e00000, 0x0000000088e00000| Untracked 
| 117|0x0000000088f00000, 0x0000000088f00000, 0x0000000089000000|  0%| F|  |TAMS 0x0000000088f00000, 0x0000000088f00000| Untracked 
| 118|0x0000000089000000, 0x0000000089000000, 0x0000000089100000|  0%| F|  |TAMS 0x0000000089000000, 0x0000000089000000| Untracked 
| 119|0x0000000089100000, 0x0000000089100000, 0x0000000089200000|  0%| F|  |TAMS 0x0000000089100000, 0x0000000089100000| Untracked 
| 120|0x0000000089200000, 0x0000000089221ac8, 0x0000000089300000| 13%| E|  |TAMS 0x0000000089200000, 0x0000000089200000| Complete 
| 121|0x0000000089300000, 0x0000000089400000, 0x0000000089400000|100%| E|CS|TAMS 0x0000000089300000, 0x0000000089300000| Complete 
| 122|0x0000000089400000, 0x0000000089500000, 0x0000000089500000|100%| E|CS|TAMS 0x0000000089400000, 0x0000000089400000| Complete 
| 123|0x0000000089500000, 0x0000000089600000, 0x0000000089600000|100%| E|CS|TAMS 0x0000000089500000, 0x0000000089500000| Complete 
| 124|0x0000000089600000, 0x0000000089700000, 0x0000000089700000|100%| E|CS|TAMS 0x0000000089600000, 0x0000000089600000| Complete 
| 125|0x0000000089700000, 0x0000000089800000, 0x0000000089800000|100%| E|CS|TAMS 0x0000000089700000, 0x0000000089700000| Complete 
| 126|0x0000000089800000, 0x0000000089900000, 0x0000000089900000|100%| E|CS|TAMS 0x0000000089800000, 0x0000000089800000| Complete 
| 127|0x0000000089900000, 0x0000000089a00000, 0x0000000089a00000|100%| E|CS|TAMS 0x0000000089900000, 0x0000000089900000| Complete 

Card table byte_map: [0x000002107b160000,0x000002107b560000] _byte_map_base: 0x000002107ad53000

Marking Bits (Prev, Next): (CMBitMap*) 0x0000021062053780, (CMBitMap*) 0x00000210620537c0
 Prev Bits: [0x000002107b960000, 0x000002107d8f8000)
 Next Bits: [0x000002107d900000, 0x000002107f898000)

Polling page: 0x000002106b710000

Metaspace:

Usage:
  Non-class:      2.24 MB used.
      Class:    208.81 KB used.
       Both:      2.44 MB used.

Virtual space:
  Non-class space:       64.00 MB reserved,       2.31 MB (  4%) committed,  1 nodes.
      Class space:        1.00 GB reserved,     256.00 KB ( <1%) committed,  1 nodes.
             Both:        1.06 GB reserved,       2.56 MB ( <1%) committed. 

Chunk freelists:
   Non-Class:  2.95 MB
       Class:  3.62 MB
        Both:  6.58 MB

MaxMetaspaceSize: unlimited
CompressedClassSpaceSize: 1.00 GB
Initial GC threshold: 21.00 MB
Current GC threshold: 21.00 MB
CDS: on
MetaspaceReclaimPolicy: balanced
 - commit_granule_bytes: 65536.
 - commit_granule_words: 8192.
 - virtual_space_node_default_size: 8388608.
 - enlarge_chunks_in_place: 1.
 - new_chunks_are_fully_committed: 0.
 - uncommit_free_chunks: 1.
 - use_allocation_guard: 0.


Internal statistics:

num_allocs_failed_limit: 0.
num_arena_births: 42.
num_arena_deaths: 0.
num_vsnodes_births: 2.
num_vsnodes_deaths: 0.
num_space_committed: 41.
num_space_uncommitted: 0.
num_chunks_returned_to_freelist: 0.
num_chunks_taken_from_freelist: 104.
num_chunk_merges: 0.
num_chunk_splits: 65.
num_chunks_enlarged: 40.
num_inconsistent_stats: 0.

CodeHeap 'non-profiled nmethods': size=120000Kb used=199Kb max_used=199Kb free=119800Kb
 bounds [0x0000021073200000, 0x0000021073470000, 0x000002107a730000]
CodeHeap 'profiled nmethods': size=120000Kb used=715Kb max_used=715Kb free=119284Kb
 bounds [0x000002106b730000, 0x000002106b9a0000, 0x0000021072c60000]
CodeHeap 'non-nmethods': size=5760Kb used=1249Kb max_used=1263Kb free=4510Kb
 bounds [0x0000021072c60000, 0x0000021072ed0000, 0x0000021073200000]
 total_blobs=1017 nmethods=558 adapters=370
 compilation: enabled
              stopped_count=0, restarted_count=0
 full_count=0

Compilation events (20 events):
Event: 42.365 Thread 0x000002107fec48f0 nmethod 493 0x000002106b7c9610 code [0x000002106b7c97e0, 0x000002106b7c99d8]
Event: 42.366 Thread 0x000002107fec66f0 nmethod 461 0x0000021073229d90 code [0x0000021073229f20, 0x0000021073229ff8]
Event: 42.366 Thread 0x000002107fec48f0  494       3       jdk.internal.loader.BuiltinClassLoader::findLoadedModule (33 bytes)
Event: 42.366 Thread 0x000002107fec48f0 nmethod 494 0x000002106b7c9a90 code [0x000002106b7c9cc0, 0x000002106b7ca318]
Event: 42.366 Thread 0x000002107fec48f0  495       3       jdk.internal.ref.CleanerImpl::getCleanerImpl (13 bytes)
Event: 42.366 Thread 0x000002107fec48f0 nmethod 495 0x000002106b7ca590 code [0x000002106b7ca740, 0x000002106b7caa08]
Event: 42.366 Thread 0x000002107fec48f0  496       3       java.lang.ref.Cleaner$1::apply (9 bytes)
Event: 42.366 Thread 0x000002107fec48f0 nmethod 496 0x000002106b7cab10 code [0x000002106b7cacc0, 0x000002106b7caf38]
Event: 42.367 Thread 0x000002107fec48f0  497   !   3       jdk.internal.loader.BuiltinClassLoader::loadClassOrNull (143 bytes)
Event: 42.368 Thread 0x000002107fec48f0 nmethod 497 0x000002106b7cb010 code [0x000002106b7cb2e0, 0x000002106b7cc268]
Event: 42.368 Thread 0x000002107fec48f0  498       3       java.lang.StringLatin1::indexOf (121 bytes)
Event: 42.369 Thread 0x000002107fec48f0 nmethod 498 0x000002106b7cc890 code [0x000002106b7cca60, 0x000002106b7ccf58]
Event: 42.369 Thread 0x000002107fec48f0  499       3       java.lang.ref.SoftReference::get (29 bytes)
Event: 42.369 Thread 0x000002107fec48f0 nmethod 499 0x000002106b7cd190 code [0x000002106b7cd340, 0x000002106b7cd518]
Event: 42.369 Thread 0x000002107fec66f0  500   !   4       java.nio.DirectByteBuffer::get (34 bytes)
Event: 42.371 Thread 0x000002107fec66f0 nmethod 500 0x000002107322a110 code [0x000002107322a2c0, 0x000002107322a3f8]
Event: 42.372 Thread 0x000002107fec66f0  501       4       java.nio.Buffer::session (20 bytes)
Event: 42.372 Thread 0x000002107fec66f0 nmethod 501 0x000002107322a590 code [0x000002107322a720, 0x000002107322a7b8]
Event: 42.375 Thread 0x000002107fec48f0  502   !   3       java.lang.ref.ReferenceQueue::poll (40 bytes)
Event: 42.375 Thread 0x000002107fec48f0 nmethod 502 0x000002106b7cd590 code [0x000002106b7cd7e0, 0x000002106b7ce268]

GC Heap History (0 events):
No events

Dll operation events (6 events):
Event: 0.005 Loaded shared library C:\Program Files\Java\jdk-19\bin\java.dll
Event: 0.012 Loaded shared library C:\Program Files\Java\jdk-19\bin\jsvml.dll
Event: 0.050 Loaded shared library C:\Program Files\Java\jdk-19\bin\net.dll
Event: 0.052 Loaded shared library C:\Program Files\Java\jdk-19\bin\nio.dll
Event: 0.070 Loaded shared library C:\Program Files\Java\jdk-19\bin\zip.dll
Event: 0.079 Loaded shared library C:\Program Files\Java\jdk-19\bin\jimage.dll

Deoptimization events (8 events):
Event: 0.097 Thread 0x0000021061ff3ba0 Uncommon trap: trap_request=0xffffff45 fr.pc=0x0000021073216104 relative=0x0000000000000524
Event: 0.097 Thread 0x0000021061ff3ba0 Uncommon trap: reason=unstable_if action=reinterpret pc=0x0000021073216104 method=java.util.regex.Matcher.search(I)Z @ 30 c2
Event: 0.097 Thread 0x0000021061ff3ba0 DEOPT PACKING pc=0x0000021073216104 sp=0x00000032cc8ff300
Event: 0.097 Thread 0x0000021061ff3ba0 DEOPT UNPACKING pc=0x0000021072cc6da3 sp=0x00000032cc8ff2d0 mode 2
Event: 42.317 Thread 0x0000021061ff3ba0 Uncommon trap: trap_request=0xffffff76 fr.pc=0x000002107321504c relative=0x000000000000018c
Event: 42.317 Thread 0x0000021061ff3ba0 Uncommon trap: reason=predicate action=maybe_recompile pc=0x000002107321504c method=java.util.regex.Pattern$BmpCharPropertyGreedy.match(Ljava/util/regex/Matcher;ILjava/lang/CharSequence;)Z @ 12 c2
Event: 42.317 Thread 0x0000021061ff3ba0 DEOPT PACKING pc=0x000002107321504c sp=0x00000032cc8fefb0
Event: 42.317 Thread 0x0000021061ff3ba0 DEOPT UNPACKING pc=0x0000021072cc6da3 sp=0x00000032cc8fef68 mode 2

Classes loaded (20 events):
Event: 42.348 Loading class java/math/BigDecimal
Event: 42.348 Loading class java/math/BigDecimal done
Event: 42.348 Loading class java/math/MathContext
Event: 42.349 Loading class java/math/MathContext done
Event: 42.351 Loading class java/util/Collections$UnmodifiableMap$UnmodifiableEntrySet
Event: 42.351 Loading class java/util/Collections$UnmodifiableMap$UnmodifiableEntrySet done
Event: 42.351 Loading class java/util/Collections$UnmodifiableMap$UnmodifiableEntrySet$UnmodifiableEntrySetSpliterator
Event: 42.351 Loading class java/util/Collections$UnmodifiableMap$UnmodifiableEntrySet$UnmodifiableEntrySetSpliterator done
Event: 42.351 Loading class java/util/HashMap$EntrySpliterator
Event: 42.351 Loading class java/util/HashMap$EntrySpliterator done
Event: 42.352 Loading class java/lang/invoke/DirectMethodHandle$Special
Event: 42.352 Loading class java/lang/invoke/DirectMethodHandle$Special done
Event: 42.356 Loading class java/lang/NoSuchFieldError
Event: 42.356 Loading class java/lang/NoSuchFieldError done
Event: 42.372 Loading class jdk/internal/foreign/MemorySessionImpl
Event: 42.372 Loading class java/lang/foreign/MemorySession
Event: 42.372 Loading class java/lang/foreign/SegmentAllocator
Event: 42.372 Loading class java/lang/foreign/SegmentAllocator done
Event: 42.372 Loading class java/lang/foreign/MemorySession done
Event: 42.372 Loading class jdk/internal/foreign/MemorySessionImpl done

Classes unloaded (0 events):
No events

Classes redefined (0 events):
No events

Internal exceptions (14 events):
Event: 0.053 Thread 0x0000021061ff3ba0 Exception <a 'sun/nio/fs/WindowsException'{0x0000000089836080}> (0x0000000089836080) 
thrown [s\open\src\hotspot\share\prims\jni.cpp, line 517]
Event: 0.053 Thread 0x0000021061ff3ba0 Exception <a 'sun/nio/fs/WindowsException'{0x0000000089836630}> (0x0000000089836630) 
thrown [s\open\src\hotspot\share\prims\jni.cpp, line 517]
Event: 0.054 Thread 0x0000021061ff3ba0 Exception <a 'sun/nio/fs/WindowsException'{0x0000000089838c20}> (0x0000000089838c20) 
thrown [s\open\src\hotspot\share\prims\jni.cpp, line 517]
Event: 0.054 Thread 0x0000021061ff3ba0 Exception <a 'sun/nio/fs/WindowsException'{0x0000000089839790}> (0x0000000089839790) 
thrown [s\open\src\hotspot\share\prims\jni.cpp, line 517]
Event: 0.054 Thread 0x0000021061ff3ba0 Exception <a 'sun/nio/fs/WindowsException'{0x000000008983a310}> (0x000000008983a310) 
thrown [s\open\src\hotspot\share\prims\jni.cpp, line 517]
Event: 0.055 Thread 0x0000021061ff3ba0 Exception <a 'sun/nio/fs/WindowsException'{0x000000008983aea8}> (0x000000008983aea8) 
thrown [s\open\src\hotspot\share\prims\jni.cpp, line 517]
Event: 0.055 Thread 0x0000021061ff3ba0 Exception <a 'sun/nio/fs/WindowsException'{0x000000008983ba38}> (0x000000008983ba38) 
thrown [s\open\src\hotspot\share\prims\jni.cpp, line 517]
Event: 0.055 Thread 0x0000021061ff3ba0 Exception <a 'sun/nio/fs/WindowsException'{0x000000008983c638}> (0x000000008983c638) 
thrown [s\open\src\hotspot\share\prims\jni.cpp, line 517]
Event: 0.055 Thread 0x0000021061ff3ba0 Exception <a 'sun/nio/fs/WindowsException'{0x000000008983d1e8}> (0x000000008983d1e8) 
thrown [s\open\src\hotspot\share\prims\jni.cpp, line 517]
Event: 42.325 Thread 0x0000021061ff3ba0 Exception <a 'java/lang/NoSuchMethodError'{0x00000000896fcd28}: 'java.lang.Object java.lang.invoke.DirectMethodHandle$Holder.invokeStaticInit(java.lang.Object)'> (0x00000000896fcd28) 
thrown [s\open\src\hotspot\share\interpreter\linkResolver.cpp, line 774]
Event: 42.330 Thread 0x0000021061ff3ba0 Exception <a 'java/lang/NoSuchMethodError'{0x0000000089526a68}: 'java.lang.Object java.lang.invoke.DirectMethodHandle$Holder.invokeInterface(java.lang.Object, java.lang.Object)'> (0x0000000089526a68) 
thrown [s\open\src\hotspot\share\interpreter\linkResolver.cpp, line 774]
Event: 42.351 Thread 0x0000021061ff3ba0 Exception <a 'java/lang/NoSuchMethodError'{0x00000000895f2d10}: 'void java.lang.invoke.DirectMethodHandle$Holder.invokeSpecial(java.lang.Object, java.lang.Object, java.lang.Object)'> (0x00000000895f2d10) 
thrown [s\open\src\hotspot\share\interpreter\linkResolver.cpp, line 774]
Event: 42.352 Thread 0x0000021061ff3ba0 Exception <a 'java/lang/NoSuchMethodError'{0x00000000895f9868}: 'void java.lang.invoke.DirectMethodHandle$Holder.invokeStatic(java.lang.Object, java.lang.Object, java.lang.Object)'> (0x00000000895f9868) 
thrown [s\open\src\hotspot\share\interpreter\linkResolver.cpp, line 774]
Event: 42.355 Thread 0x0000021061ff3ba0 Exception <a 'java/lang/NoSuchMethodError'{0x0000000089403b18}: 'java.lang.Object java.lang.invoke.DirectMethodHandle$Holder.invokeVirtual(java.lang.Object, java.lang.Object, java.lang.Object)'> (0x0000000089403b18) 
thrown [s\open\src\hotspot\share\interpreter\linkResolver.cpp, line 774]

VM Operations (14 events):
Event: 0.056 Executing VM operation: HandshakeAllThreads
Event: 0.056 Executing VM operation: HandshakeAllThreads done
Event: 1.058 Executing VM operation: Cleanup
Event: 1.058 Executing VM operation: Cleanup done
Event: 10.140 Executing VM operation: Cleanup
Event: 10.140 Executing VM operation: Cleanup done
Event: 42.297 Executing VM operation: HandshakeAllThreads
Event: 42.297 Executing VM operation: HandshakeAllThreads done
Event: 42.297 Executing VM operation: Cleanup
Event: 42.297 Executing VM operation: Cleanup done
Event: 42.315 Executing VM operation: HandshakeAllThreads
Event: 42.315 Executing VM operation: HandshakeAllThreads done
Event: 42.347 Executing VM operation: HandshakeAllThreads
Event: 42.347 Executing VM operation: HandshakeAllThreads done

Events (14 events):
Event: 0.013 Thread 0x0000021061ff3ba0 Thread added: 0x0000021061ff3ba0
Event: 0.022 Thread 0x000002107feb6380 Thread added: 0x000002107feb6380
Event: 0.022 Thread 0x000002107feb7e60 Thread added: 0x000002107feb7e60
Event: 0.022 Thread 0x000002107feba270 Thread added: 0x000002107feba270
Event: 0.022 Thread 0x000002107febad40 Thread added: 0x000002107febad40
Event: 0.022 Thread 0x000002107febbe10 Thread added: 0x000002107febbe10
Event: 0.022 Thread 0x000002107febd1c0 Thread added: 0x000002107febd1c0
Event: 0.022 Thread 0x000002107fec66f0 Thread added: 0x000002107fec66f0
Event: 0.022 Thread 0x000002107fec48f0 Thread added: 0x000002107fec48f0
Event: 0.022 Thread 0x000002107feeae30 Thread added: 0x000002107feeae30
Event: 0.040 Thread 0x0000021006209670 Thread added: 0x0000021006209670
Event: 0.065 Thread 0x00000210062531d0 Thread added: 0x00000210062531d0
Event: 42.300 Thread 0x0000021006334f10 Thread added: 0x0000021006334f10
Event: 42.343 Thread 0x0000021006381ee0 Thread added: 0x0000021006381ee0


Dynamic libraries:
0x00007ff6b8450000 - 0x00007ff6b8460000 	C:\Program Files\Java\jdk-19\bin\java.exe
0x00007ffdf5dd0000 - 0x00007ffdf5fc8000 	C:\WINDOWS\SYSTEM32\ntdll.dll
0x00007ffdf5c30000 - 0x00007ffdf5cf2000 	C:\WINDOWS\System32\KERNEL32.DLL
0x00007ffdf35f0000 - 0x00007ffdf38ef000 	C:\WINDOWS\System32\KERNELBASE.dll
0x00007ffdf3c10000 - 0x00007ffdf3d10000 	C:\WINDOWS\System32\ucrtbase.dll
0x00007ffdf0410000 - 0x00007ffdf042b000 	C:\Program Files\Java\jdk-19\bin\VCRUNTIME140.dll
0x00007ffde93e0000 - 0x00007ffde93f8000 	C:\Program Files\Java\jdk-19\bin\jli.dll
0x00007ffdf40e0000 - 0x00007ffdf418f000 	C:\WINDOWS\System32\ADVAPI32.dll
0x00007ffdf41e0000 - 0x00007ffdf427e000 	C:\WINDOWS\System32\msvcrt.dll
0x00007ffdf4e90000 - 0x00007ffdf4f2f000 	C:\WINDOWS\System32\sechost.dll
0x00007ffdf45d0000 - 0x00007ffdf46f3000 	C:\WINDOWS\System32\RPCRT4.dll
0x00007ffdf3510000 - 0x00007ffdf3537000 	C:\WINDOWS\System32\bcrypt.dll
0x00007ffdf3df0000 - 0x00007ffdf3f8d000 	C:\WINDOWS\System32\USER32.dll
0x00007ffdf3ac0000 - 0x00007ffdf3ae2000 	C:\WINDOWS\System32\win32u.dll
0x00007ffde95c0000 - 0x00007ffde985a000 	C:\WINDOWS\WinSxS\amd64_microsoft.windows.common-controls_6595b64144ccf1df_6.0.19041.4355_none_60b8b9eb71f62e16\COMCTL32.dll
0x00007ffdf5b40000 - 0x00007ffdf5b6b000 	C:\WINDOWS\System32\GDI32.dll
0x00007ffdf3af0000 - 0x00007ffdf3c0a000 	C:\WINDOWS\System32\gdi32full.dll
0x00007ffdf3470000 - 0x00007ffdf350d000 	C:\WINDOWS\System32\msvcp_win.dll
0x00007ffde9ac0000 - 0x00007ffde9aca000 	C:\WINDOWS\SYSTEM32\VERSION.dll
0x00007ffdf41b0000 - 0x00007ffdf41df000 	C:\WINDOWS\System32\IMM32.DLL
0x00007ffdf0950000 - 0x00007ffdf095c000 	C:\Program Files\Java\jdk-19\bin\vcruntime140_1.dll
0x00007ffdcf5e0000 - 0x00007ffdcf66e000 	C:\Program Files\Java\jdk-19\bin\msvcp140.dll
0x00007ffda1e00000 - 0x00007ffda2ac0000 	C:\Program Files\Java\jdk-19\bin\server\jvm.dll
0x00007ffde6bd0000 - 0x00007ffde6bf7000 	C:\WINDOWS\SYSTEM32\WINMM.dll
0x00007ffdf0960000 - 0x00007ffdf0969000 	C:\WINDOWS\SYSTEM32\WSOCK32.dll
0x00007ffdf4500000 - 0x00007ffdf456b000 	C:\WINDOWS\System32\WS2_32.dll
0x00007ffdf1230000 - 0x00007ffdf1242000 	C:\WINDOWS\SYSTEM32\kernel.appcore.dll
0x00007ffdf0400000 - 0x00007ffdf040a000 	C:\Program Files\Java\jdk-19\bin\jimage.dll
0x00007ffded170000 - 0x00007ffded354000 	C:\WINDOWS\SYSTEM32\DBGHELP.DLL
0x00007ffdecc20000 - 0x00007ffdecc54000 	C:\WINDOWS\SYSTEM32\dbgcore.DLL
0x00007ffdf3d60000 - 0x00007ffdf3de2000 	C:\WINDOWS\System32\bcryptPrimitives.dll
0x00007ffddf2e0000 - 0x00007ffddf306000 	C:\Program Files\Java\jdk-19\bin\java.dll
0x00007ffdc9e50000 - 0x00007ffdc9f27000 	C:\Program Files\Java\jdk-19\bin\jsvml.dll
0x00007ffdf4f30000 - 0x00007ffdf569d000 	C:\WINDOWS\System32\SHELL32.dll
0x00007ffdf1510000 - 0x00007ffdf1cb4000 	C:\WINDOWS\SYSTEM32\windows.storage.dll
0x00007ffdf5700000 - 0x00007ffdf5a55000 	C:\WINDOWS\System32\combase.dll
0x00007ffdf2e30000 - 0x00007ffdf2e5b000 	C:\WINDOWS\SYSTEM32\Wldp.dll
0x00007ffdf4430000 - 0x00007ffdf44fd000 	C:\WINDOWS\System32\OLEAUT32.dll
0x00007ffdf48b0000 - 0x00007ffdf495d000 	C:\WINDOWS\System32\SHCORE.dll
0x00007ffdf5b70000 - 0x00007ffdf5bc5000 	C:\WINDOWS\System32\shlwapi.dll
0x00007ffdf33a0000 - 0x00007ffdf33c5000 	C:\WINDOWS\SYSTEM32\profapi.dll
0x00007ffde12e0000 - 0x00007ffde12f3000 	C:\Program Files\Java\jdk-19\bin\net.dll
0x00007ffdec040000 - 0x00007ffdec14a000 	C:\WINDOWS\SYSTEM32\WINHTTP.dll
0x00007ffdf2b30000 - 0x00007ffdf2b9c000 	C:\WINDOWS\system32\mswsock.dll
0x00007ffdd8160000 - 0x00007ffdd8176000 	C:\Program Files\Java\jdk-19\bin\nio.dll
0x00007ffdd7dd0000 - 0x00007ffdd7de8000 	C:\Program Files\Java\jdk-19\bin\zip.dll

dbghelp: loaded successfully - version: 4.0.5 - missing functions: none
symbol engine: initialized successfully - sym options: 0x614 - pdb path: .;C:\Program Files\Java\jdk-19\bin;C:\WINDOWS\SYSTEM32;C:\WINDOWS\WinSxS\amd64_microsoft.windows.common-controls_6595b64144ccf1df_6.0.19041.4355_none_60b8b9eb71f62e16;C:\Program Files\Java\jdk-19\bin\server

VM Arguments:
jvm_args: -Dfile.encoding=UTF-8 --module-path=C:\Users\1\OneDrive\Documents\NetBeansProjects\ProyectoClientes-Escritorio\build\classes 
java_command: proyectoclientes.escritorio.Main
java_class_path (initial): C:\Users\1\Downloads\mysql-connector-j-9.2.0\mysql-connector-j-9.2.0.jar;C:\Users\1\OneDrive\Documents\NetBeansProjects\ProyectoClientes-Escritorio\build\classes
Launcher Type: SUN_STANDARD

[Global flags]
     intx CICompilerCount                          = 3                                         {product} {ergonomic}
     uint ConcGCThreads                            = 1                                         {product} {ergonomic}
     uint G1ConcRefinementThreads                  = 4                                         {product} {ergonomic}
   size_t G1HeapRegionSize                         = 1048576                                   {product} {ergonomic}
    uintx GCDrainStackTargetSize                   = 64                                        {product} {ergonomic}
   size_t InitialHeapSize                          = 134217728                                 {product} {ergonomic}
   size_t MarkStackSize                            = 4194304                                   {product} {ergonomic}
   size_t MaxHeapSize                              = 2120220672                                {product} {ergonomic}
   size_t MaxNewSize                               = 1271922688                                {product} {ergonomic}
   size_t MinHeapDeltaBytes                        = 1048576                                   {product} {ergonomic}
   size_t MinHeapSize                              = 8388608                                   {product} {ergonomic}
    uintx NonNMethodCodeHeapSize                   = 5832780                                {pd product} {ergonomic}
    uintx NonProfiledCodeHeapSize                  = 122912730                              {pd product} {ergonomic}
    uintx ProfiledCodeHeapSize                     = 122912730                              {pd product} {ergonomic}
    uintx ReservedCodeCacheSize                    = 251658240                              {pd product} {ergonomic}
     bool SegmentedCodeCache                       = true                                      {product} {ergonomic}
   size_t SoftMaxHeapSize                          = 2120220672                             {manageable} {ergonomic}
     bool UseCompressedClassPointers               = true                           {product lp64_product} {ergonomic}
     bool UseCompressedOops                        = true                           {product lp64_product} {ergonomic}
     bool UseG1GC                                  = true                                      {product} {ergonomic}
     bool UseLargePagesIndividualAllocation        = false                                  {pd product} {ergonomic}

Logging:
Log output configuration:
 #0: stdout all=warning uptime,level,tags foldmultilines=false
 #1: stderr all=off uptime,level,tags foldmultilines=false

Environment Variables:
JAVA_HOME=C:\Program Files\Java\jdk-19
PATH=C:\Program Files\Common Files\Oracle\Java\javapath;C:\WINDOWS\system32;C:\WINDOWS;C:\WINDOWS\System32\Wbem;C:\WINDOWS\System32\WindowsPowerShell\v1.0\;C:\WINDOWS\System32\OpenSSH\;C:\Program Files\Git\cmd;C:\ProgramData\chocolatey\bin;C:\Program Files\nodejs\;C:\Users\1\AppData\Local\Programs\Python\Python311\Scripts\;C:\Users\1\AppData\Local\Programs\Python\Python311\;C:\Program Files\MySQL\MySQL Shell 8.0\bin\;C:\Users\1\AppData\Local\Microsoft\WindowsApps;C:\Users\1\AppData\Local\Programs\Microsoft VS Code\bin;C:\Users\1\AppData\Roaming\npm;
USERNAME=1
OS=Windows_NT
PROCESSOR_IDENTIFIER=Intel64 Family 6 Model 60 Stepping 3, GenuineIntel
TMP=C:\Users\1\AppData\Local\Temp
TEMP=C:\Users\1\AppData\Local\Temp



---------------  S Y S T E M  ---------------

OS:
 Windows 10 , 64 bit Build 19041 (10.0.19041.5438)
OS uptime: 2 days 4:11 hours

CPU: total 4 (initial active 4) (4 cores per cpu, 1 threads per core) family 6 model 60 stepping 3 microcode 0x27, cx8, cmov, fxsr, mmx, sse, sse2, sse3, ssse3, sse4.1, sse4.2, popcnt, lzcnt, tsc, tscinvbit, avx, avx2, aes, erms, clmul, bmi1, bmi2, fma, vzeroupper, clflush, rdtscp

Memory: 4k page, system-wide physical 8082M (2235M free)
TotalPageFile size 10130M (AvailPageFile size 4M)
current process WorkingSet (physical memory assigned to process): 47M, peak: 47M
current process commit charge ("private bytes"): 210M, peak: 210M

vm_info: Java HotSpot(TM) 64-Bit Server VM (19.0.2+7-44) for windows-amd64 JRE (19.0.2+7-44), built on 2022-11-30T18:02:09Z by "mach5one" with MS VC++ 17.1 (VS2022)

END.
